34 78
83 80
50 51
77 41
0 51
72 53
49 86
52 17
39 73
72 28
53 77
8 13
46 61
34 74
55 39
7 54
11 46
44 78
39 71
4 20
68 79
93 88
64 82
71 36
X
X
67 32
90 41
98 33
42 42
58 93
37 44
98 41
43 33
19 14
27 47
87 40
90 43
6 32
36 93
42 67
84 66
32 88
97 70
22 98
15 50
29 1
27 69
63 42
53 83
12 76
69 32
92 73
55 71
58 79
72 33
82 14
18 73
85 28
78 86
36 85
61 55
80 5
85 63
74 96
48 75
9 6
6 76
90 66
25 61
64 45
0 9
50 4
56 43
10 47
56 78
16 71
50 77
41 96
42 18
39 93
9 41
25 55
52 78
11 48
1 52
83 0
17 70
19 24
98 46
73 63
22 60
40 0
97 82
61 66
13 9
3 35
91 19
81 74
6 71
93 2
86 88
87 29
24 89
88 84
54 39
69 91
29 3
54 10
69 25
60 78
24 46
10 23
83 50
10 92
20 23
6 45
53 69
25 29
69 92
61 49
44 8
10 39
28 3
13 76
1 53
86 81
94 4
55 0
38 74
83 82
37 20
35 47
96 1
8 22
16 65
10 62
85 82
4 88
71 50
70 73
49 75
37 42
8 55
27 46
30 75
71 55
56 44
28 68
70 48
51 72
4 42
75 56
44 84
75 74
46 53
15 93
1 55
9 17
88 82
84 84
43 19
44 56
25 25
12 49
30 45
8 27
55 47
22 81
92 62
47 92
35 8
22 57
57 40
30 6
69 28
72 42
65 5
48 19
55 4
86 73
93 76
64 37
9 16
16 61
77 94
82 80
13 82
5 42
73 31
51 22
65 89
1 96
47 40
69 62
44 55
36 64
73 57
89 32
32 90
8 67
50 45
63 1
21 4
16 12
56 27
80 29
6 87
58 64
57 78
20 65
41 78
51 42
83 13
8 84
91 73
15 80
83 57
51 17
14 63
81 68
44 67
20 94
64 84
56 54
11 10
69 94
87 51
58 10
50 54
30 89
3 91
30 50
37 12
90 93
3 10
52 64
16 78
59 68
18 54
2 67
38 35
78 92
81 91
77 30
23 15
19 75
17 27
44 94
24 55
76 77
39 66
66 45
87 42
88 42
55 54
43 38
0 66
29 72
80 23
89 33
21 19
72 30
12 24
87 24
48 57
56 65
91 69
83 47
93 82
21 79
66 47
92 44
58 23
11 1
26 37
50 74
2 92
79 54
96 22
60 82
26 4
36 66
57 39
48 73
34 63
94 28
60 69
23 98
57 38
60 41
10 75
51 58
32 17
81 30
30 24
51 76
51 30
12 91
31 6
98 80
74 80
88 44
5 40
59 72
45 8
21 56
49 35
34 43
6 61
86 10
38 75
4 59
3 90
34 55
41 11
84 24
92 13
51 69
84 8
49 40
28 13
93 53
24 60
37 7
48 21
20 66
82 93
48 87
39 85
68 83
98 81
46 29
33 79
58 52
38 30
11 45
50 57
64 60
94 30
29 46
67 17
65 28
18 45
98 54
65 47
83 59
37 59
X
16 84
62 90
75 10
70 30
16 47
15 22
64 9
68 28
96 19
30 84
79 4
13 71
67 16
26 53
12 55
93 15
49 11
42 44
69 47
37 32
6 25
23 32
55 72
9 51
13 81
97 20
75 29
12 60
4 39
98 44
25 26
14 90
82 24
90 18
43 87
60 68
74 5
4 23
24 54
22 10
62 81
40 73
48 27
29 66
60 37
18 53
27 61
62 67
78 80
59 83
6 29
42 50
23 55
78 19
83 90
57 2
30 83
88 54
54 95
95 31
52 50
79 63
35 17
6 70
25 72
81 94
74 95
88 70
97 80
89 67
53 72
23 76
74 54
24 17
48 11
47 27
39 16
56 60
2 47
36 84
58 37
87 88
18 68
8 65
43 58
88 77
25 70
24 57
10 63
78 58
96 2
88 71
48 36
37 49
44 25
14 87
44 89
22 85
36 22
32 35
82 0
13 97
92 31
72 32
53 0
13 73
41 24
49 76
23 39
79 2
61 56
X
88 55
86 87
6 81
9 33
13 92
36 7
68 30
58 74
79 64
7 74
9 21
69 79
43 2
9 87
10 86
35 14
80 31
75 81
89 97
54 45
91 75
3 50
47 13
71 78
93 35
94 29
3 71
41 55
86 52
51 35
97 9
25 81
9 44
0 73
26 61
6 14
43 21
15 37
26 33
47 16
65 40
67 80
70 56
69 38
34 50
20 43
63 12
72 87
59 79
79 91
98 49
87 23
7 68
62 64
32 89
11 70
33 62
63 82
75 94
28 84
4 41
93 63
17 98
37 94
47 56
80 63
89 94
36 16
47 69
40 89
48 30
36 78
15 33
42 92
72 70
20 74
87 96
69 49
62 11
42 19
47 66
4 30
83 25
8 21
76 92
68 91
42 23
87 9
75 59
8 52
77 65
9 18
66 76
31 21
70 93
86 55
63 52
14 82
24 38
81 83
1 70
20 77
81 0
49 2
89 64
79 73
68 22
80 9
81 69
87 56
37 60
20 3
47 31
58 75
58 59
2 9
70 10
12 16
92 85
64 86
66 50
24 33
78 65
28 40
7 50
44 21
32 22
92 33
83 65
8 23
47 79
62 7
9 91
39 63
11 9
22 35
34 14
67 53
42 14
30 85
26 6
24 69
55 93
40 1
92 3
71 0
4 47
21 78
5 38
39 30
32 51
5 13
21 15
11 53
43 18
86 33
30 42
49 51
11 94
96 54
78 2
89 66
97 55
22 12
68 48
33 29
96 92
86 43
64 55
4 82
3 49
15 7
79 83
75 82
50 88
86 61
13 44
7 33
82 2
30 1
47 15
57 41
98 2
9 8
72 12
15 3
54 48
50 8
88 12
71 74
14 13
34 39
28 44
66 98
14 91
90 32
74 36
24 97
95 10
91 66
18 35
18 72
61 11
53 26
87 4
33 86
90 56
23 11
9 46
12 21
58 16
76 84
72 18
2 60
83 4
62 91
31 19
85 32
57 25
84 7
51 61
6 6
33 19
54 20
8 34
15 9
48 74
37 28
56 81
14 71
26 70
4 58
80 88
43 9
18 3
31 63
62 78
79 95
19 52
83 19
38 56
80 90
73 42
26 15
46 88
49 50
43 11
X
58 34
0 76
47 18
88 35
3 60
6 66
69 60
95 12
85 38
14 47
59 29
98 82
19 82
18 12
33 93
89 28
45 21
58 94
8 54
55 6
67 50
3 15
37 21
69 81
70 68
63 77
29 91
41 69
34 46
9 9
25 42
58 45
45 29
59 65
24 98
19 46
6 39
69 98
68 78
36 83
3 70
52 30
41 19
64 2
41 44
49 81
89 65
9 22
31 50
41 39
93 59
82 92
42 79
0 52
22 34
12 54
18 2
53 54
16 53
37 98
4 16
77 70
96 40
79 50
8 79
8 98
56 83
55 7
16 11
40 55
86 59
78 45
78 20
65 6
61 41
68 89
47 54
38 47
27 80
4 54
45 47
96 37
89 81
77 33
33 46
39 87
93 31
34 67
89 39
45 88
66 48
94 21
8 89
30 40
62 48
28 8
54 43
71 72
69 44
41 58
3 63
98 96
58 38
9 20
16 19
47 8
66 84
22 75
26 83
73 21
22 54
64 3
91 55
21 43
19 19
38 73
2 12
16 24
12 85
27 40
31 97
7 64
89 37
91 70
74 78
96 93
66 26
56 79
71 30
56 7
79 92
35 79
46 8
3 54
67 40
7 85
11 34
88 95
34 38
0 57
77 83
58 17
45 51
87 91
92 66
3 68
42 25
21 42
15 16
19 56
16 1
69 26
78 96
30 29
45 90
88 13
35 93
28 85
6 22
90 31
66 33
61 9
58 67
6 44
1 58
59 2
82 86
64 28
18 57
35 73
55 69
73 1
78 22
84 25
22 31
88 89
9 66
82 90
96 69
25 44
65 73
43 73
91 15
43 39
7 38
35 86
24 70
X
67 3
63 40
27 7
32 94
60 88
53 48
40 68
15 65
31 79
52 44
24 19
X
39 38
57 12
45 18
9 48
24 78
66 81
38 95
57 3
5 50
15 17
46 59
72 56
50 5
78 9
96 20
12 53
43 7
49 13
61 15
69 23
42 21
96 43
81 79
75 48
X
3 34
74 35
85 54
13 55
93 29
56 93
22 97
66 31
79 88
62 27
78 36
46 14
11 23
3 93
83 63
48 29
44 22
29 51
70 67
59 10
21 57
13 94
58 81
48 23
20 15
54 94
30 35
37 90
86 19
84 17
89 84
36 36
90 20
17 61
67 76
1 63
45 17
18 82
22 71
18 64
37 83
55 86
41 94
78 8
1 94
22 17
22 58
75 64
86 56
11 17
30 47
24 82
90 12
25 59
67 92
36 55
41 84
10 98
94 6
11 85
44 31
61 94
10 25
21 60
97 24
93 5
2 25
32 42
48 63
19 91
78 28
21 73
80 56
49 49
13 72
23 95
93 3
19 90
33 24
22 4
13 27
4 32
5 3
11 47
65 57
55 63
34 48
24 31
26 11
8 35
5 19
9 92
68 96
22 23
12 28
32 62
2 65
10 27
1 13
4 60
60 83
60 64
23 53
57 86
62 94
70 6
74 50
24 86
2 77
31 68
78 55
49 80
73 54
42 57
34 87
47 50
25 75
8 25
41 20
32 77
58 2
89 24
68 77
30 36
90 97
15 2
41 46
7 22
81 10
69 37
83 68
62 80
74 94
21 98
66 91
56 53
62 77
75 35
7 9
32 19
65 80
74 6
14 36
85 34
49 77
22 77
11 97
31 70
8 92
0 58
22 93
38 46
71 14
53 58
38 60
49 94
18 26
90 33
12 42
68 82
50 55
64 24
2 30
97 72
96 47
76 79
22 70
57 7
28 17
63 94
60 3
21 70
77 22
84 62
64 43
38 42
89 49
98 43
98 12
84 52
10 18
87 90
25 28
19 13
62 31
17 78
42 3
85 19
84 6
70 74
4 70
79 40
44 38
89 56
66 86
83 69
42 38
36 81
51 2
35 80
97 2
34 59
7 8
91 39
45 56
91 68
34 89
57 72
80 66
77 20
98 57
26 60
66 3
23 40
70 35
33 34
52 72
41 9
15 87
94 73
43 15
46 48
38 90
73 46
89 68
10 83
23 83
85 65
44 77
47 32
71 2
59 55
24 41
30 82
66 74
90 86
3 23
34 57
72 35
83 97
30 2
54 60
4 55
20 9
47 51
8 11
70 52
3 22
84 77
91 51
58 78
52 3
10 16
11 49
26 5
27 10
1 65
49 70
4 12
98 87
21 92
48 97
9 36
97 46
34 31
64 78
57 14
74 82
48 41
82 6
4 31
18 78
29 20
78 72
36 56
62 47
12 56
38 52
50 37
73 14
11 60
54 50
95 57
83 14
42 86
68 50
37 51
61 46
7 82
37 73
89 98
56 71
56 39
24 18
25 45
9 50
81 97
2 64
23 71
94 16
98 34
80 59
53 68
78 18
0 53
45 28
94 91
47 21
42 85
39 77
73 61
15 85
45 59
92 67
53 93
4 84
72 36
60 92
11 41
55 51
67 5
31 34
43 89
50 68
54 52
83 60
63 27
59 25
98 61
25 89
36 42
96 10
59 90
46 28
44 0
5 14
69 63
12 71
7 35
53 57
33 36
75 92
31 82
41 12
24 58
22 29
73 39
66 21
70 72
81 18
68 51
97 56
83 2
41 56
27 81
40 67
59 41
45 36
15 58
47 58
66 96
74 41
78 12
7 48
96 38
33 7
92 23
78 24
92 39
9 35
52 40
41 65
75 75
21 59
2 27
30 53
44 80
65 50
41 6
51 75
56 62
22 33
38 93
4 21
69 52
59 16
98 93
29 24
37 37
22 2
76 98
27 28
48 89
16 74
23 78
50 24
15 98
47 14
5 56
12 64
84 82
97 19
28 76
38 62
49 69
14 73
39 23
67 52
77 61
58 53
91 59
63 92
11 16
33 71
7 56
95 75
46 91
36 15
63 26
63 70
73 58
45 95
98 29
48 82
40 22
18 42
83 8
91 76
46 80
22 5
X
6 34
2 82
22 47
10 34
13 20
22 7
95 5
41 85
92 42
9 40
58 68
78 67
66 55
79 72
81 98
89 13
59 95
44 57
23 61
94 57
6 68
62 35
97 71
77 15
29 55
76 50
74 39
68 52
71 57
5 25
7 83
93 77
70 96
3 40
49 58
4 83
43 84
23 45
61 17
58 77
44 62
32 98
15 89
23 17
19 25
6 75
2 76
54 84
19 7
9 19
50 30
45 67
13 83
3 95
8 80
12 27
38 57
93 34
45 96
19 76
80 85
89 78
23 82
54 71
38 67
50 43
73 56
13 19
97 27
25 43
13 53
14 2
72 65
79 23
82 38
43 76
69 21
83 24
54 25
1 9
44 49
64 61
43 13
94 10
3 24
53 20
4 37
77 73
27 29
93 6
43 56
16 59
97 79
15 78
16 54
63 31
21 95
20 92
47 63
96 71
19 21
53 5
13 75
95 30
15 39
55 1
81 9
24 12
24 80
35 81
86 62
49 54
80 24
83 98
38 41
14 8
45 91
24 4
68 93
38 79
23 43
87 17
55 44
61 88
95 45
73 23
37 18
50 38
17 25
20 56
40 52
18 8
17 3
59 78
60 59
21 41
55 49
41 63
49 21
6 60
92 88
75 71
49 8
98 16
45 63
96 33
97 81
31 40
57 26
17 49
12 82
25 33
74 73
22 96
55 76
43 78
55 70
67 43
56 57
26 86
80 36
45 79
46 62
94 82
91 52
45 71
10 28
81 26
22 79
51 59
80 44
70 63
17 15
94 2
74 71
4 81
14 75
55 78
92 53
32 87
17 23
25 54
66 4
88 8
45 52
43 60
40 51
47 89
11 14
49 64
17 65
53 21
26 22
6 38
85 83
73 36
85 22
5 11
7 65
18 29
80 67
X
15 61
36 95
49 88
81 24
63 2
39 35
38 81
26 32
19 59
22 80
30 56
84 35
27 32
36 46
52 65
47 62
71 12
38 65
60 89
65 82
31 8
0 81
1 51
28 67
45 80
35 9
80 77
64 26
38 89
37 16
76 41
41 2
52 83
37 34
57 20
25 18
64 65
78 46
27 52
79 56
75 36
98 84
75 8
51 43
63 8
16 18
50 66
15 1
0 47
84 39
19 77
95 27
12 9
3 18
5 31
41 35
9 42
53 67
71 10
46 46
24 43
82 70
32 29
19 9
67 91
87 84
12 18
55 87
81 23
60 27
84 63
97 48
11 26
69 67
20 17
57 32
53 86
46 7
50 90
79 12
65 37
59 53
66 8
83 21
17 48
65 45
0 14
48 72
61 78
16 77
20 29
71 61
76 76
65 18
56 82
26 23
64 39
15 11
63 98
25 20
57 87
93 64
8 19
47 45
27 57
72 40
22 68
37 22
45 19
50 39
74 29
80 64
4 34
77 58
62 61
22 53
19 55
80 98
14 94
82 85
62 26
37 93
9 14
70 90
48 79
91 43
79 55
23 70
96 15
66 9
61 71
24 71
26 48
4 26
45 12
78 88
79 30
30 10
78 78
95 46
51 74
32 67
3 33
5 2
7 72
40 33
52 45
42 39
52 74
22 45
87 67
82 40
20 93
72 14
14 38
94 9
15 38
76 70
49 90
73 87
95 28
81 70
96 42
26 30
75 57
66 2
38 29
13 37
86 30
15 79
56 25
74 57
93 72
25 24
41 70
43 71
79 68
4 17
20 63
98 63
53 25
34 52
84 2
2 34
84 3
66 27
18 60
95 85
71 26
59 3
43 86
1 14
71 13
7 66
98 45
35 57
43 81
21 14
16 3
56 11
68 90
18 16
82 9
46 4
7 23
55 57
73 18
21 91
45 81
45 7
92 27
23 31
30 25
1 18
8 53
98 30
53 42
35 87
X
52 53
71 42
88 66
87 33
63 11
91 85
58 62
70 45
93 56
20 40
85 66
30 46
73 32
25 67
67 61
54 85
32 82
3 97
98 11
38 71
3 92
79 28
62 39
5 94
8 63
7 27
31 41
49 67
71 60
5 21
61 27
13 13
91 7
93 89
9 57
16 73
10 9
83 84
5 60
87 20
2 61
23 97
68 47
75 32
24 13
33 91
38 28
2 58
20 83
72 58
54 28
22 32
89 1
24 16
66 80
61 90
47 93
16 15
52 75
35 41
35 85
60 18
76 35
15 5
66 93
96 80
17 10
20 82
14 52
84 50
76 22
50 23
11 40
95 43
59 26
11 55
74 24
72 69
33 48
22 67
81 80
25 4
7 30
61 52
82 58
91 82
32 85
51 10
98 66
57 21
36 29
69 30
70 50
12 78
20 46
65 83
69 46
69 66
7 97
70 98
32 36
81 7
57 6
66 6
4 38
35 37
86 77
33 82
84 87
14 78
49 68
70 61
88 4
50 56
47 86
13 21
22 43
56 34
26 7
39 5
61 8
7 18
27 66
13 50
93 22
11 57
30 54
32 80
10 57
61 91
88 57
47 88
26 43
34 25
20 8
41 5
77 10
97 41
75 34
83 66
1 69
38 92
3 9
23 93
89 71
1 93
43 16
55 52
26 97
73 4
10 87
82 78
30 52
21 58
94 56
97 91
80 78
83 88
74 40
70 3
31 66
59 11
54 80
85 75
80 75
82 15
42 75
44 6
11 71
84 57
87 77
58 42
23 13
85 85
17 81
19 79
4 27
57 88
44 10
81 75
30 16
86 35
41 81
25 3
21 53
40 17
79 13
84 12
69 74
54 47
87 78
20 13
38 27
50 85
53 78
19 68
23 29
80 89
48 70
7 47
13 10
84 85
54 0
68 76
82 17
91 60
98 62
45 0
97 21
7 51
70 29
6 24
27 12
64 48
47 81
0 77
15 83
34 91
66 46
7 86
61 81
45 5
27 62
89 91
69 2
74 4
16 26
91 77
40 19
82 67
97 0
0 93
73 72
12 75
41 90
74 37
26 10
24 50
70 14
58 11
49 36
14 37
57 94
44 82
26 88
28 16
14 65
50 6
32 33
7 14
29 96
38 32
32 63
79 47
80 33
79 49
15 42
15 21
93 41
85 39
16 70
26 29
95 9
83 9
X
51 21
97 12
68 26
90 15
72 8
54 75
8 3
45 34
91 30
84 21
50 27
9 10
9 2
37 85
23 1
81 36
16 64
17 74
82 50
43 66
64 18
97 22
77 84
51 53
13 58
37 19
49 33
21 61
63 71
15 97
90 94
26 39
3 1
19 74
57 4
2 32
78 56
21 20
17 80
39 78
92 37
26 85
86 20
38 78
54 40
85 81
98 17
72 34
35 66
13 70
59 89
41 17
74 97
39 2
68 37
75 70
12 83
77 50
3 16
69 40
57 64
21 67
65 11
87 11
73 77
22 91
44 20
83 32
0 65
51 41
52 24
11 29
X
65 91
45 62
10 58
12 68
59 76
20 54
82 57
95 41
88 78
41 88
34 15
95 76
81 58
7 70
56 80
47 47
92 43
37 67
9 90
30 5
43 31
36 17
42 93
91 1
96 77
21 47
62 76
89 12
61 93
50 12
39 50
73 27
87 94
20 25
50 47
88 67
95 83
65 19
41 15
10 70
81 54
48 67
23 96
11 27
22 16
47 48
24 88
10 44
6 9
95 6
66 75
80 34
X
74 31
98 64
30 20
39 27
73 83
88 90
39 62
15 13
93 36
81 19
46 35
23 22
84 80
X
73 8
24 42
44 26
25 90
83 35
58 95
69 73
26 82
44 65
73 75
77 1
19 78
39 10
81 87
4 85
46 13
86 64
90 77
7 19
52 79
88 58
97 93
72 44
15 72
51 20
24 35
47 19
24 73
68 39
83 46
47 53
15 19
53 63
92 34
26 42
0 46
0 64
15 76
55 59
59 22
82 32
6 30
32 38
84 19
41 49
97 39
84 20
42 96
92 21
31 37
28 64
87 92
83 93
6 97
34 24
88 93
27 44
33 78
87 8
94 81
34 36
4 52
13 4
30 8
94 34
7 40
64 42
6 19
53 38
68 4
0 87
58 90
75 9
1 44
53 92
67 29
76 19
38 6
81 57
87 83
98 40
16 86
15 92
21 34
10 77
33 22
78 38
18 40
56 47
85 11
97 3
46 77
34 62
15 84
60 40
42 9
5 63
26 66
37 27
94 11
49 78
23 4
56 56
72 29
28 20
95 87
56 15
25 32
92 54
94 31
96 75
94 35
49 7
54 77
52 81
41 45
39 89
78 32
35 50
29 26
69 17
88 34
71 25
35 20
42 68
80 0
86 44
59 80
54 11
50 89
78 75
76 61
36 24
9 12
80 68
10 41
29 84
49 28
80 69
15 15
31 29
65 87
81 84
33 80
89 14
47 85
34 35
9 80
74 3
21 13
95 86
96 83
50 71
75 31
37 55
76 81
30 78
12 84
12 67
18 52
67 42
59 27
50 21
66 87
44 71
70 22
26 75
36 39
9 85
53 6
41 47
72 27
22 56
31 87
64 19
59 94
48 28
59 52
46 15
65 81
80 87
15 94
70 27
21 46
50 65
68 81
13 28
63 6
1 0
60 6
7 15
43 32
45 20
43 22
87 13
29 74
61 16
92 64
15 41
89 44
53 91
81 13
33 27
20 69
31 35
91 37
70 94
3 83
97 85
19 96
6 13
82 21
62 75
36 41
44 68
1 47
3 81
46 93
9 86
81 31
76 36
63 24
58 98
35 11
41 26
43 48
88 33
67 51
77 14
73 96
59 63
67 59
26 40
60 73
87 5
97 68
44 69
76 85
72 57
37 89
46 95
1 15
83 91
80 7
87 70
26 87
65 43
50 46
21 7
29 76
7 28
80 86
2 11
95 79
37 57
78 89
35 40
1 35
56 10
12 90
82 54
90 61
74 19
35 27
59 85
64 41
78 29
81 29
79 67
44 9
10 94
24 52
68 12
25 36
34 28
50 75
77 77
74 20
X
1 12
65 63
69 48
42 15
44 5
25 49
75 87
13 39
84 4
90 83
87 81
42 6
10 29
27 22
39 65
55 33
14 66
56 21
29 47
21 45
75 24
79 86
60 61
42 76
35 18
19 11
71 44
29 52
50 13
48 13
38 87
48 55
35 15
71 33
52 9
48 80
41 36
38 91
92 40
72 51
18 25
78 94
80 20
9 64
33 51
35 38
41 42
63 17
8 6
7 78
58 61
48 65
35 58
57 76
98 39
16 50
86 79
63 81
30 79
91 91
96 46
4 25
76 63
1 77
75 60
4 35
15 60
74 63
15 4
16 29
98 92
56 23
57 57
30 21
62 29
86 21
12 20
39 91
90 91
27 79
14 26
74 23
60 81
51 77
18 1
53 47
4 11
64 56
58 25
40 47
87 45
52 92
86 82
44 97
38 63
49 22
19 18
89 35
18 55
69 29
76 60
80 46
24 61
39 1
21 66
31 1
15 56
97 63
6 37
85 67
97 32
25 50
97 90
22 38
10 74
67 83
91 35
77 43
X
96 78
98 70
62 70
76 42
13 12
5 47
29 45
43 17
12 0
32 79
45 22
20 2
73 13
75 13
47 42
56 5
78 50
65 71
86 2
83 81
47 22
13 7
46 56
76 88
28 31
90 42
35 70
94 69
64 6
39 61
13 93
42 37
5 0
97 23
48 76
76 91
30 74
41 93
55 68
98 1
32 18
24 76
68 54
57 13
94 63
21 76
40 5
67 73
53 41
11 67
66 44
67 75
16 51
73 25
81 53
6 4
88 18
2 10
86 74
66 30
6 79
14 62
36 79
25 19
21 10
44 79
43 83
36 80
40 82
28 5
3 73
67 78
33 20
11 43
20 95
60 72
20 24
27 31
89 40
87 95
54 7
28 30
25 82
48 91
80 32
56 85
7 52
32 46
43 77
90 5
42 47
5 93
5 68
12 79
66 90
X
42 17
44 24
10 26
4 2
84 22
69 97
39 75
14 64
76 20
19 6
38 16
5 26
31 23
14 56
57 22
22 21
51 7
17 22
53 49
74 89
77 44
51 48
22 92
49 27
8 68
51 23
57 61
4 45
5 69
73 51
23 80
27 9
18 13
89 85
47 41
54 92
70 89
15 54
24 67
91 83
33 69
51 56
88 98
10 97
66 65
8 44
58 39
79 36
4 5
90 24
79 93
86 22
97 51
89 54
16 35
23 21
75 16
35 77
60 75
11 84
44 28
72 37
7 95
2 48
45 27
65 9
72 13
19 33
24 20
43 25
37 62
53 19
5 53
3 77
31 42
5 70
36 77
41 50
27 87
40 75
22 19
33 63
33 95
60 48
0 97
43 67
38 12
36 40
0 45
2 88
86 38
X
63 86
62 65
22 46
53 64
25 11
47 17
96 13
67 23
27 5
64 89
40 6
87 36
95 49
5 43
23 33
36 76
30 68
7 59
70 47
37 13
65 93
X
X
42 13
97 7
84 83
69 80
77 87
21 35
69 36
62 62
84 33
50 53
17 52
24 81
6 55
66 64
11 73
43 20
26 64
53 90
82 82
55 89
95 53
45 61
64 91
54 2
47 78
93 38
18 34
26 91
45 77
2 96
28 27
63 84
34 77
47 20
85 44
58 73
41 59
16 89
0 11
53 97
5 67
45 45
67 7
90 58
22 59
81 22
43 49
42 66
44 40
76 55
79 3
46 63
29 71
22 20
43 30
23 94
80 58
24 56
82 10
37 80
78 90
15 12
29 43
12 30
29 78
78 84
95 81
68 16
40 78
32 91
96 39
65 51
3 38
18 92
22 66
88 24
81 21
91 18
44 13
69 35
4 86
46 9
88 64
73 78
22 78
16 76
64 94
80 4
54 5
20 59
2 56
65 70
2 23
34 80
11 28
1 43
90 44
16 68
92 38
65 72
21 9
36 70
3 67
9 32
87 71
5 6
9 54
34 27
7 11
66 39
29 9
13 47
25 97
5 1
59 56
58 56
56 61
50 3
15 24
80 13
36 20
88 51
81 60
75 65
42 11
53 24
88 88
95 29
54 41
72 95
39 76
40 15
19 58
97 4
68 32
7 29
49 3
25 38
36 58
87 50
81 2
83 3
46 10
94 89
28 71
77 9
10 55
24 68
39 9
33 50
17 88
11 68
22 6
40 76
11 74
56 67
8 15
45 10
15 88
55 94
51 19
28 33
93 93
56 45
1 91
69 31
92 96
64 75
72 45
14 48
59 81
87 1
85 84
10 8
84 64
8 51
5 39
52 47
98 91
70 42
71 38
34 23
20 64
20 76
0 10
12 2
87 15
63 19
81 50
17 28
7 61
44 32
30 33
0 55
48 47
96 95
54 57
87 82
32 64
56 22
4 10
45 25
35 78
35 59
56 36
39 83
70 65
26 80
35 89
49 91
88 31
29 0
63 18
49 16
59 73
89 43
51 3
35 68
10 11
40 90
12 14
71 91
42 43
64 47
26 44
46 45
2 98
67 30
85 70
1 67
28 77
29 22
73 60
46 17
26 20
62 83
29 83
51 71
96 31
46 40
93 30
58 31
8 29
49 17
10 46
12 89
16 6
63 10
4 13
7 89
70 9
64 80
4 64
11 42
55 56
14 70
21 96
11 19
32 37
46 11
39 95
71 27
4 74
34 34
X
14 10
30 34
62 37
92 86
32 97
10 48
29 40
7 58
64 7
87 41
92 60
65 60
90 57
95 25
81 49
79 11
67 24
35 65
5 71
25 62
30 22
5 45
5 4
23 59
39 6
96 82
0 59
66 70
45 55
82 47
80 82
11 58
35 74
44 88
89 63
41 73
65 66
61 73
64 29
67 9
59 18
89 16
26 74
32 86
77 76
22 39
16 79
77 81
88 7
61 48
70 70
28 41
25 58
0 12
73 94
96 25
80 95
16 28
21 93
57 43
25 69
57 96
92 14
37 0
70 23
48 53
17 64
88 96
97 87
85 31
89 69
58 47
88 63
73 22
57 82
37 26
29 85
23 54
94 0
72 50
91 33
78 13
71 97
50 76
95 93
64 64
52 95
43 75
18 96
9 3
73 37
50 60
40 10
57 59
57 46
49 92
63 58
7 39
73 5
31 90
88 92
26 46
70 92
75 22
21 97
54 56
39 92
52 48
25 22
20 39
7 37
89 58
33 35
91 93
1 86
88 87
97 10
15 51
24 3
77 37
34 71
20 53
45 11
53 22
92 81
49 15
56 91
79 8
63 55
84 88
21 69
25 17
74 70
83 64
19 70
23 74
86 4
40 57
7 79
65 98
23 38
62 55
95 82
51 92
4 97
38 84
27 67
11 98
73 62
65 12
59 45
45 30
56 1
45 42
18 33
73 79
47 24
9 59
84 59
73 74
18 97
45 75
10 56
22 87
80 21
64 44
8 14
19 66
0 82
59 17
16 56
25 86
33 74
77 31
92 4
1 90
84 95
30 57
70 59
41 14
1 81
66 89
54 74
93 71
X
73 81
19 53
83 20
7 90
73 53
8 4
82 96
92 20
48 8
19 51
74 10
71 51
38 25
23 26
36 69
96 21
73 10
14 28
58 60
97 8
49 5
41 82
50 80
59 60
76 44
92 7
35 43
5 95
17 12
23 68
55 31
85 29
8 31
51 6
65 64
14 68
55 14
35 25
17 66
89 55
2 90
25 41
55 80
68 21
96 51
11 36
86 7
32 65
24 15
75 49
6 11
79 29
11 82
28 61
47 97
32 55
71 24
8 42
X
44 29
5 83
56 73
90 25
73 98
72 4
88 26
76 25
98 95
6 16
32 0
91 24
84 74
8 90
77 92
81 33
79 20
91 84
28 21
49 42
76 67
66 41
15 49
32 23
3 80
61 60
27 84
75 73
35 45
53 4
6 23
17 2
74 56
12 12
4 29
7 71
37 43
16 90
75 17
55 16
42 58
28 32
76 0
45 13
98 38
42 89
46 96
87 31
95 42
16 60
52 49
37 86
41 86
88 91
89 90
36 89
46 37
64 5
0 56
59 57
61 28
96 74
50 22
13 22
85 5
54 12
79 21
81 20
64 12
56 8
74 58
7 55
6 46
85 68
67 44
69 1
98 94
78 54
46 66
58 32
39 88
46 79
46 75
55 60
29 32
69 4
65 30
35 23
29 48
14 83
33 81
62 50
67 48
45 1
77 3
26 34
72 75
42 90
25 87
25 91
71 90
41 66
94 13
1 61
66 24
5 65
2 51
71 92
49 45
79 41
26 79
2 83
51 33
21 63
47 11
54 89
59 46
67 21
73 55
70 28
51 95
50 52
76 51
98 53
75 6
31 75
43 64
18 17
6 12
45 49
53 56
3 76
54 27
38 14
50 92
66 95
94 20
5 9
12 96
45 93
30 60
50 69
52 59
65 41
29 21
54 32
69 6
93 32
49 52
36 31
17 19
49 61
11 75
5 16
64 63
71 75
66 20
84 47
49 46
52 96
X
54 26
28 47
68 63
33 55
78 81
13 63
47 61
47 64
18 88
57 10
37 64
59 61
26 98
86 8
48 16
95 88
52 41
33 28
9 81
23 23
44 66
59 6
56 41
27 11
46 19
39 15
40 50
37 82
89 74
94 58
37 46
74 33
10 54
61 24
43 61
65 95
88 16
83 22
11 62
39 80
95 92
41 87
4 40
97 15
5 88
30 81
50 18
44 61
50 41
16 5
68 53
20 28
75 58
53 29
71 89
10 36
64 66
43 55
38 97
71 58
7 53
42 62
95 94
44 39
82 75
30 41
41 3
85 60
34 20
79 9
93 16
97 44
52 90
0 60
60 28
52 42
80 61
31 74
41 91
57 77
61 39
58 14
82 88
80 60
52 54
51 78
96 41
93 57
85 79
39 54
59 88
26 25
66 42
10 19
86 63
17 58
22 52
98 65
29 34
57 63
12 47
46 41
76 64
82 16
56 12
85 37
52 80
98 88
28 66
3 25
39 72
4 22
90 13
17 26
29 65
90 53
78 4
53 89
13 26
47 67
94 62
89 42
71 81
55 45
8 85
40 48
57 81
87 73
7 6
72 61
91 26
2 81
72 26
4 19
93 94
20 81
42 94
96 59
41 83
87 34
14 34
17 42
98 24
12 86
49 55
66 22
14 95
5 18
75 54
59 87
84 69
27 89
86 98
39 25
89 15
6 86
90 34
5 37
89 77
50 35
35 82
61 62
25 85
27 33
48 44
6 93
17 33
93 73
43 3
21 54
60 22
55 55
44 87
84 92
82 26
2 70
87 30
67 89
34 64
69 5
91 46
78 11
85 9
66 88
92 56
14 5
4 61
68 49
8 82
86 31
36 71
90 39
52 82
58 40
7 32
6 51
55 75
59 93
90 68
23 30
94 25
21 3
6 52
32 15
63 46
90 85
90 45
54 93
19 92
88 17
67 38
85 17
47 30
32 54
35 56
67 8
78 23
20 34
13 35
40 16
9 38
16 4
69 89
68 11
41 21
47 80
85 98
35 72
25 47
88 36
82 91
48 69
67 72
61 59
50 34
68 29
17 75
63 30
53 60
49 4
74 72
72 73
19 42
56 98
28 86
38 34
49 85
56 32
54 88
49 65
32 39
X
46 58
73 50
76 18
49 62
42 69
32 50
14 72
48 58
14 15
51 70
5 22
33 59
92 28
36 33
53 81
53 87
46 76
67 46
69 9
72 64
97 96
29 18
12 36
65 53
84 16
66 7
14 29
89 17
20 1
58 46
51 18
X
51 73
37 53
X
22 74
95 1
52 61
35 67
8 83
52 22
60 33
42 82
68 40
81 45
90 95
25 31
17 41
42 45
7 36
23 91
77 93
7 13
39 70
87 12
68 23
47 82
45 32
93 7
89 82
6 89
35 24
60 47
25 92
91 74
44 27
53 46
55 13
0 20
42 70
39 20
69 95
58 55
38 17
75 93
6 77
22 65
28 62
57 54
54 44
53 15
90 1
2 52
56 38
37 14
76 4
91 25
0 63
77 4
29 79
98 25
62 36
20 67
53 44
91 53
78 61
36 74
82 12
11 93
47 36
X
17 57
61 2
20 57
0 72
57 71
53 1
51 79
63 91
64 90
49 87
16 97
47 34
22 62
72 3
46 34
98 13
48 71
95 98
76 54
9 23
35 48
10 85
58 72
54 17
10 15
9 98
25 57
17 73
64 98
58 3
17 77
78 59
67 93
82 76
2 50
56 58
48 92
4 89
8 76
12 35
16 40
9 84
47 37
6 35
64 38
45 46
49 71
98 4
80 94
10 3
94 93
76 15
6 96
73 2
82 8
57 37
75 63
48 34
95 40
4 87
87 79
46 5
6 64
76 65
53 50
8 70
93 42
64 95
36 67
49 29
15 35
19 15
26 27
16 96
24 44
86 32
36 51
72 55
83 39
84 98
14 14
97 49
11 92
9 37
47 72
14 57
30 23
94 24
41 27
56 92
68 56
85 55
42 59
34 81
43 90
62 66
82 19
71 46
21 8
53 51
19 72
46 55
43 63
77 49
85 23
64 11
18 9
13 49
18 56
39 36
76 16
39 67
53 79
24 74
63 37
40 7
37 63
36 23
69 64
8 72
91 95
16 16
48 42
69 70
49 47
15 26
17 29
5 86
43 82
79 17
26 68
74 85
19 17
32 71
44 95
32 60
57 53
74 7
X
34 47
68 31
76 59
71 56
8 7
61 69
65 31
44 33
84 36
81 55
57 47
25 23
0 13
95 11
34 37
3 85
26 36
50 96
89 36
3 69
18 81
18 98
77 80
20 4
17 72
31 17
55 26
91 12
6 7
70 37
40 56
64 71
52 63
76 58
27 1
51 96
27 45
79 65
71 28
6 3
71 77
89 51
96 63
34 69
66 57
71 71
15 14
6 95
29 19
26 49
98 35
97 69
28 75
10 12
17 51
69 61
73 38
74 98
62 57
31 60
27 59
25 40
51 49
9 43
94 36
93 21
76 89
23 28
44 76
46 42
7 1
46 38
25 39
67 71
38 26
48 88
X
91 67
82 81
20 22
34 40
61 37
21 24
39 22
77 90
79 0
87 6
6 80
50 86
15 0
29 90
12 23
95 97
4 7
62 23
77 29
78 85
39 26
15 69
12 40
63 67
31 67
6 50
43 24
49 23
10 1
57 95
7 91
98 69
12 8
51 64
91 94
83 77
45 86
34 7
78 64
6 59
49 19
54 72
33 25
31 47
2 18
81 72
X
97 86
52 33
7 25
11 37
24 39
86 15
78 66
70 21
63 79
45 26
79 70
94 22
16 41
58 76
10 40
96 53
16 88
19 83
88 6
94 23
87 0
86 34
7 94
85 50
46 36
27 42
54 61
91 41
59 23
38 13
70 66
30 48
2 66
79 58
97 84
46 54
85 74
13 18
89 20
38 59
26 84
97 94
48 81
81 78
33 92
96 70
56 84
8 66
29 28
86 65
39 56
67 87
88 11
60 23
45 33
37 84
69 65
89 22
74 93
71 37
91 23
67 79
75 78
54 76
40 37
4 63
29 67
3 98
15 66
84 37
30 94
4 53
73 71
72 38
68 72
46 65
38 61
73 7
13 78
98 67
53 16
25 83
71 9
88 49
93 62
34 32
76 83
3 53
14 27
45 85
92 74
95 74
93 68
47 55
37 91
43 23
10 2
80 10
27 75
42 12
27 20
9 56
79 57
12 62
44 59
4 96
61 57
35 21
59 4
29 30
32 13
61 10
27 86
10 22
12 22
88 32
48 14
12 73
53 53
79 44
39 39
81 46
36 38
84 72
97 50
14 92
86 94
66 62
70 55
36 61
70 62
48 93
34 17
27 23
24 21
96 85
92 59
52 5
84 13
54 19
57 85
56 26
13 88
64 76
51 40
56 0
14 54
98 86
2 91
37 58
1 73
9 45
48 12
22 64
16 17
94 5
72 24
16 33
81 12
27 70
77 52
50 33
55 34
12 63
33 32
13 11
74 38
X
74 32
93 23
62 38
77 54
67 47
83 56
96 81
43 88
18 74
63 93
81 73
10 14
55 20
12 97
9 34
27 53
80 8
8 37
94 76
41 62
88 46
96 68
54 4
10 88
45 83
23 18
55 84
91 62
81 1
29 31
45 35
6 72
10 24
78 70
25 5
34 68
34 76
43 68
81 16
92 6
73 9
49 34
83 34
77 75
46 82
0 21
44 35
71 73
25 93
28 9
76 72
42 65
92 91
32 45
81 34
72 59
92 45
17 55
28 70
91 56
2 55
86 78
23 58
65 92
6 36
35 0
96 86
90 14
77 53
72 54
36 68
27 30
51 85
91 54
45 44
11 15
42 48
18 93
83 7
16 95
32 20
68 3
27 43
67 31
14 9
11 39
57 93
55 23
44 7
60 55
72 76
89 46
93 40
54 42
63 36
11 13
40 41
70 41
69 82
92 19
7 49
68 60
86 14
68 95
70 91
47 44
54 3
23 27
90 36
52 34
3 19
10 82
91 97
5 8
7 17
59 86
63 66
56 88
47 38
50 87
59 74
88 27
17 89
72 94
15 48
21 39
76 17
28 4
2 28
36 63
47 94
98 14
59 84
3 89
18 43
31 0
80 11
44 75
30 90
48 20
71 43
6 49
59 39
12 65
64 93
41 89
49 59
3 72
22 72
74 55
67 4
72 1
91 31
15 28
73 26
14 11
5 49
87 66
79 32
94 60
19 64
94 3
11 65
95 26
83 18
47 57
59 69
22 11
39 29
52 16
48 7
X
83 10
66 28
93 24
38 85
12 66
74 34
82 97
17 13
48 3
31 31
77 48
74 75
26 18
34 60
72 71
66 94
21 74
35 88
1 82
77 88
90 21
75 77
14 49
43 85
96 84
81 17
20 98
58 71
48 18
36 87
21 82
33 75
78 21
89 0
70 97
90 16
97 40
62 56
1 76
92 72
5 28
72 68
87 22
12 59
38 48
23 44
82 22
43 70
26 52
16 49
85 30
35 76
13 15
36 47
77 34
35 28
25 56
28 23
16 8
84 18
94 38
62 60
76 14
X
37 41
3 21
46 39
56 28
27 73
80 28
66 58
9 71
13 96
51 5
4 65
44 91
17 60
54 54
29 8
37 68
98 0
82 39
51 29
33 88
68 44
79 34
17 35
90 72
15 47
33 85
48 66
95 71
71 47
62 17
7 5
87 16
95 13
28 22
15 55
51 55
36 92
64 17
37 78
10 20
97 64
49 63
94 43
20 21
3 51
12 11
85 8
72 52
33 49
84 10
25 35
5 17
12 15
28 1
59 35
45 60
2 80
92 35
13 98
28 45
51 80
94 80
18 15
56 4
5 44
89 45
46 52
46 20
26 90
34 70
88 3
57 84
28 25
77 12
4 95
79 71
65 86
17 68
76 94
3 28
38 20
94 86
67 54
64 77
26 59
9 70
2 63
38 94
48 94
39 79
93 80
93 83
97 26
2 38
41 13
4 66
46 44
66 52
66 60
65 38
10 64
40 39
75 61
39 28
67 96
68 75
12 93
9 97
49 56
17 4
76 30
11 20
91 57
92 93
75 28
66 71
39 48
77 63
65 59
68 94
37 30
87 93
92 95
51 27
25 21
96 76
35 31
16 52
15 40
18 91
9 55
41 1
9 76
76 2
5 59
62 73
40 24
93 74
40 95
74 2
70 36
26 89
5 52
54 6
6 28
31 55
20 52
21 11
34 72
98 48
57 67
25 80
63 83
80 2
78 69
54 36
35 91
60 76
82 3
18 90
67 60
33 39
72 9
43 96
93 67
15 82
96 55
72 60
78 95
1 24
76 56
85 53
30 44
32 16
97 34
19 81
28 52
45 39
71 1
37 97
94 15
90 64
77 42
54 78
20 71
49 82
8 8
86 13
22 73
19 16
93 12
29 77
53 52
57 27
75 62
74 88
33 37
36 44
14 60
9 77
56 49
95 2
4 72
82 35
97 95
83 70
27 49
53 12
46 3
10 60
83 23
96 27
31 48
22 94
62 12
71 35
45 53
25 78
5 15
6 83
45 66
57 29
21 12
3 88
44 16
30 32
82 49
36 37
93 13
83 49
31 22
95 36
73 44
43 91
31 98
33 43
24 93
77 66
28 28
90 82
79 85
7 81
63 15
60 17
56 51
44 34
92 57
12 29
96 91
76 12
10 10
65 61
12 74
12 70
90 67
55 91
79 1
14 96
2 29
84 60
12 43
67 37
98 21
48 59
57 45
58 91
6 54
25 76
78 53
7 63
74 86
76 86
79 45
2 13
82 98
24 91
85 7
91 45
36 32
87 74
50 2
61 92
48 49
5 64
24 49
51 60
52 89
80 96
98 3
13 45
70 64
74 79
21 25
67 94
12 41
83 73
72 63
56 14
21 55
36 26
76 38
6 15
19 34
20 60
59 47
26 38
74 62
66 92
24 24
13 74
44 18
50 19
72 19
58 65
58 41
95 48
82 5
53 39
14 61
53 14
14 33
31 46
7 60
87 76
20 7
90 74
57 24
15 18
74 77
15 52
81 44
37 48
81 28
81 92
40 53
16 27
95 32
82 55
8 56
49 72
60 66
32 6
5 58
42 49
24 23
32 26
49 20
24 83
42 60
14 39
40 20
69 71
89 41
84 38
71 65
87 14
83 48
65 32
11 18
90 35
86 11
65 10
60 62
88 86
13 56
77 36
61 75
33 13
14 12
3 82
20 35
41 79
46 94
57 75
48 68
56 3
22 22
64 25
68 17
32 66
39 31
88 0
X
37 11
4 56
18 18
55 24
80 14
14 74
52 10
23 81
73 34
73 88
29 80
62 71
13 54
52 35
74 76
16 0
7 26
18 51
48 2
14 58
46 12
46 60
74 81
38 49
77 60
62 10
32 28
24 37
36 57
29 25
25 66
97 37
77 38
61 35
13 60
86 12
79 62
21 33
60 39
97 38
73 89
25 6
72 0
92 30
87 87
18 41
84 91
70 24
55 48
26 3
61 1
52 38
96 48
52 23
35 51
96 30
55 62
37 61
96 14
15 75
54 73
73 49
40 86
83 87
60 54
34 49
59 24
19 8
19 43
45 31
62 8
58 97
85 76
98 7
33 94
12 88
41 54
58 9
41 0
93 54
77 85
4 6
51 8
8 64
93 66
52 8
75 37
33 42
90 96
51 38
8 87
49 24
89 50
51 57
44 42
21 64
4 80
77 55
36 48
83 17
18 7
53 43
66 25
80 76
30 55
66 43
12 33
85 33
5 32
18 11
82 83
23 60
18 6
90 69
90 55
94 7
28 69
89 38
51 24
35 75
78 47
61 61
53 27
34 33
32 74
63 3
61 38
57 80
78 30
80 48
43 47
32 32
89 80
78 68
21 52
17 11
46 89
47 49
64 8
79 96
25 60
48 38
50 82
84 34
89 18
75 50
52 39
3 58
83 83
68 25
9 93
82 68
77 16
37 81
90 40
65 76
17 1
85 92
59 33
38 76
20 33
15 68
80 25
5 35
51 47
18 80
84 51
9 15
4 28
43 6
24 27
43 10
88 45
40 45
69 51
38 23
21 1
46 16
81 67
23 52
83 33
39 84
19 35
94 68
81 3
X
74 1
28 15
64 81
57 28
35 71
42 1
62 41
81 47
96 3
91 13
72 21
28 51
19 65
45 78
0 86
93 51
86 45
84 67
54 13
38 66
12 92
20 75
91 58
45 54
55 58
50 58
77 2
83 12
55 27
34 92
87 98
9 96
73 19
19 67
92 2
87 28
1 59
20 10
63 61
10 65
24 32
52 25
65 23
68 71
59 62
34 79
92 0
53 11
4 68
66 51
89 26
18 63
31 80
2 19
55 10
89 25
29 89
56 89
55 43
2 57
20 97
2 35
39 52
14 20
71 95
12 94
56 90
3 45
9 95
46 31
8 77
18 79
14 17
57 5
8 46
3 74
10 72
55 28
22 41
60 63
35 36
96 24
40 2
17 24
11 76
93 4
63 23
20 11
5 5
79 31
96 90
30 66
80 49
89 6
95 96
33 14
52 7
69 8
80 79
50 11
82 66
88 80
1 56
59 28
35 84
97 47
7 12
83 96
97 17
20 32
17 59
5 7
40 79
79 82
54 87
4 0
37 17
78 91
80 15
58 22
72 93
22 76
53 85
16 57
83 85
44 81
57 31
23 56
69 96
88 56
91 71
27 3
97 33
65 7
7 67
15 74
4 77
54 59
63 78
94 19
10 76
92 68
38 36
48 62
11 2
73 0
53 13
76 62
97 66
82 53
86 6
43 80
69 24
32 92
6 47
96 50
45 92
81 6
22 9
85 18
55 2
37 70
55 12
59 64
81 71
83 89
26 50
30 19
76 40
12 45
53 84
42 2
86 76
59 15
7 96
72 88
54 96
41 95
40 84
7 75
20 38
7 77
13 48
58 24
98 32
39 19
85 41
1 92
17 18
22 14
38 55
61 83
97 53
67 25
2 33
14 97
87 32
40 85
84 9
21 68
66 72
60 16
36 28
91 96
6 78
36 94
77 59
50 17
62 74
15 95
55 25
75 43
94 94
91 27
81 89
28 26
44 93
82 56
64 46
6 43
10 73
95 68
1 60
24 87
84 5
62 92
43 92
46 32
62 69
42 20
70 60
48 24
8 95
47 10
30 51
20 51
32 1
14 59
49 53
62 40
91 38
51 39
2 94
44 36
48 78
63 54
X
71 96
X
8 39
61 80
48 17
39 34
44 17
47 35
80 12
33 23
23 12
37 6
85 10
79 60
19 20
74 91
37 95
18 44
38 64
15 6
62 79
14 93
88 50
14 55
50 49
98 15
92 89
43 72
90 75
96 65
86 24
22 40
82 69
36 27
78 71
59 59
21 62
71 64
40 88
34 56
48 46
71 48
73 80
95 15
26 8
45 14
5 96
15 86
61 67
87 37
50 78
44 46
87 57
16 48
83 74
21 27
22 63
X
2 14
49 41
61 72
93 70
85 86
47 29
63 72
68 43
17 93
27 6
11 90
73 70
46 50
12 38
69 39
30 31
85 91
35 29
52 62
48 95
41 22
44 1
43 93
84 86
32 48
10 43
10 89
35 83
40 38
40 34
55 36
68 62
79 79
85 78
56 20
42 77
61 84
75 55
61 63
29 6
6 88
86 9
54 82
25 68
40 69
76 34
90 22
26 77
98 79
74 0
62 6
10 66
15 70
98 10
10 59
8 88
95 55
27 13
7 84
27 85
89 23
17 8
11 66
72 43
87 63
40 87
55 92
44 14
13 38
78 93
63 65
15 63
64 62
32 75
14 53
39 46
40 49
20 20
11 88
3 87
24 72
93 33
57 68
31 81
52 29
67 88
19 41
57 98
46 51
11 89
84 70
16 25
30 80
51 91
68 55
50 42
37 96
29 41
23 69
42 81
96 62
70 71
54 22
38 21
56 59
57 60
65 4
71 59
71 94
19 89
39 64
63 47
43 69
48 39
78 63
12 17
60 67
14 76
55 41
40 83
83 16
14 86
3 56
32 21
90 52
21 38
24 29
35 32
97 54
19 12
56 46
95 56
65 46
26 58
8 75
28 14
49 44
65 96
66 53
9 47
49 73
70 5
39 14
56 68
21 40
85 6
28 7
10 71
16 55
33 52
7 21
53 36
83 1
87 2
70 57
84 29
68 10
71 63
29 33
82 51
5 12
84 61
31 38
43 35
57 56
82 18
70 83
52 85
3 26
66 32
66 54
4 73
42 74
26 67
63 16
68 61
60 26
94 45
76 21
62 72
44 47
96 94
86 80
89 92
62 46
28 43
3 94
87 54
53 23
14 80
5 91
45 68
40 74
49 89
66 10
89 31
24 11
49 37
91 5
39 33
5 30
8 94
85 64
86 29
82 95
11 12
16 69
48 37
37 76
86 60
29 73
69 93
89 70
76 13
37 23
90 54
3 86
46 87
44 11
34 86
95 91
6 58
1 10
55 73
59 91
37 50
11 63
96 64
44 70
79 66
93 55
90 30
53 82
82 89
7 16
43 50
47 96
75 25
61 40
3 59
77 68
13 64
42 16
75 38
61 23
79 78
4 33
86 36
71 31
32 59
23 8
7 20
32 25
10 49
54 14
36 0
91 72
94 12
31 20
50 28
82 65
35 60
20 80
16 93
7 41
43 74
32 93
77 71
60 24
83 75
42 22
39 96
66 73
16 10
16 14
18 89
62 15
59 54
72 96
23 84
76 1
12 48
85 61
49 96
95 59
57 74
13 34
81 14
28 48
21 85
73 93
92 82
85 24
48 32
14 50
11 24
98 47
96 0
74 9
24 47
88 23
98 18
59 75
7 98
30 17
4 67
62 49
95 23
32 34
40 14
90 62
46 30
1 95
17 34
10 90
4 9
27 48
47 33
19 95
72 46
66 29
60 91
57 69
35 7
47 77
65 58
67 2
62 16
46 1
75 1
64 57
26 55
53 75
93 60
21 30
92 36
41 37
38 19
2 69
55 15
43 54
33 72
68 84
46 43
76 29
94 54
71 82
32 24
65 54
75 52
82 79
47 9
91 42
54 64
23 20
17 71
15 8
81 95
74 74
35 33
39 60
21 44
41 76
98 9
69 58
64 58
0 94
48 48
8 74
73 20
79 94
72 48
80 57
8 71
96 56
73 3
75 23
93 20
80 26
54 97
80 50
82 7
5 89
76 80
62 59
50 63
65 88
97 83
10 45
41 18
65 34
10 91
16 2
95 3
79 90
21 16
41 74
57 42
36 11
94 64
37 15
12 39
41 68
18 10
36 25
60 36
11 35
34 58
84 73
82 84
16 22
56 72
39 43
63 49
2 26
25 34
82 23
51 54
84 76
23 19
23 5
8 48
88 43
2 45
60 77
85 73
85 56
97 58
65 29
31 89
60 1
18 58
78 33
25 88
27 76
20 79
34 13
18 21
66 85
74 27
58 84
93 14
93 90
75 53
48 52
58 18
37 47
24 77
29 36
82 46
47 23
3 39
56 55
4 4
14 16
26 62
83 92
43 65
88 52
68 70
98 42
68 87
62 30
28 34
40 44
36 14
5 34
19 23
90 37
34 26
75 88
8 18
69 54
15 25
72 49
83 29
80 3
82 13
6 53
86 86
1 66
90 38
24 25
12 61
43 36
85 77
49 38
92 15
42 87
76 49
95 37
47 46
55 98
89 34
59 77
26 35
42 88
69 41
37 45
69 78
67 62
66 17
79 7
23 41
3 29
23 92
X
32 40
65 56
52 77
4 90
91 36
89 52
80 71
29 82
53 62
24 90
36 91
17 90
75 80
96 9
39 74
9 39
6 1
20 96
15 57
60 74
76 57
46 92
16 91
69 56
60 60
54 53
92 55
63 57
72 31
51 65
84 28
79 38
87 19
55 29
3 11
93 39
22 61
54 69
69 7
79 69
56 86
63 9
42 80
49 74
58 15
78 10
4 1
16 9
65 42
11 30
36 82
76 75
49 18
74 61
35 22
72 86
14 85
90 60
88 14
13 62
26 45
39 86
34 22
20 45
8 45
13 17
30 77
70 12
26 69
87 55
88 25
65 52
6 8
50 73
92 51
91 65
95 33
44 15
70 58
65 44
63 48
21 87
92 16
5 84
21 77
9 94
2 68
19 45
60 70
55 40
39 37
75 79
47 39
12 44
65 84
17 56
96 44
34 11
76 43
74 84
12 72
59 82
72 2
28 59
95 0
39 49
32 14
29 29
74 83
84 75
28 29
37 65
97 25
30 67
18 95
60 80
61 25
94 53
1 57
48 35
30 18
47 12
96 96
21 23
29 10
48 86
8 20
81 8
4 43
25 48
79 19
91 0
53 73
1 85
0 22
53 40
50 61
36 65
95 63
47 1
67 98
6 74
12 77
28 2
42 56
68 38
42 84
41 7
75 0
16 98
59 7
11 87
80 70
54 51
87 64
86 46
70 13
54 23
66 23
9 58
X
55 90
94 61
63 56
26 9
14 35
23 50
58 33
23 25
45 41
5 66
97 62
77 64
93 43
88 65
47 91
65 39
37 25
7 92
53 2
9 83
84 56
57 62
51 52
28 46
95 89
5 41
44 41
13 46
49 66
75 7
23 36
32 70
83 5
47 98
74 43
23 6
24 40
83 62
74 46
75 86
25 37
7 76
40 3
59 67
39 18
18 22
34 51
32 81
61 0
86 23
58 6
27 4
54 91
78 60
37 35
44 30
48 96
30 69
88 22
87 18
33 70
9 69
89 5
12 34
83 28
34 19
38 8
44 83
29 35
10 35
93 79
73 73
13 29
86 5
13 95
84 40
29 5
74 25
63 43
5 82
92 5
94 72
22 8
34 21
53 96
28 73
82 33
31 45
28 81
58 92
17 69
43 8
30 9
60 25
63 29
19 69
8 10
17 97
38 7
91 86
11 64
31 18
12 19
57 11
60 90
73 97
6 2
8 78
10 61
95 69
6 48
61 54
48 90
90 92
73 76
16 66
90 84
27 27
91 21
95 24
8 38
91 40
98 85
16 42
37 31
59 36
0 48
86 40
6 69
38 45
27 65
78 44
29 56
41 60
64 1
26 24
3 6
96 72
29 49
95 58
24 22
3 52
77 46
28 79
14 81
35 26
52 4
35 46
94 33
12 69
36 19
83 6
5 27
72 22
38 22
69 59
10 33
33 15
78 37
97 1
54 62
79 81
49 30
78 17
85 13
52 57
65 33
58 83
64 40
33 47
84 32
39 32
30 4
77 72
38 96
6 82
88 81
46 47
25 27
36 21
25 7
54 18
40 32
80 91
3 17
89 93
4 78
51 81
12 98
47 95
70 43
38 11
88 94
58 66
55 61
50 50
45 94
26 21
34 82
84 23
44 53
30 91
53 66
42 61
9 72
63 41
71 29
37 52
85 36
11 83
34 18
77 62
71 49
61 74
20 16
96 28
51 89
40 18
13 41
50 59
81 11
21 71
97 65
34 45
50 36
80 55
82 1
73 29
95 95
18 0
7 93
70 26
8 28
17 9
35 95
66 5
53 7
48 15
80 97
19 88
74 60
77 86
70 54
27 77
8 5
49 60
97 45
57 44
72 67
93 11
78 52
58 69
56 24
78 34
19 60
94 78
57 92
82 87
23 57
53 76
11 25
36 43
29 57
24 45
96 29
12 87
39 59
91 6
64 85
13 24
1 23
58 43
94 90
40 35
86 70
40 59
67 84
20 18
20 19
75 40
51 90
43 79
22 55
21 31
52 46
12 10
9 65
3 96
92 69
61 76
67 82
76 90
66 36
64 10
82 34
59 48
66 61
59 70
78 1
90 71
X
97 13
73 82
31 36
6 20
73 85
94 32
57 65
82 52
92 94
14 4
43 57
95 54
52 58
81 88
35 42
45 15
37 29
49 97
9 78
48 22
71 80
65 94
65 74
57 55
23 77
12 13
41 23
73 33
40 46
66 56
45 76
50 81
63 85
28 60
27 8
63 44
25 46
15 90
70 38
37 33
78 87
81 56
73 17
31 33
30 93
48 33
13 91
74 48
38 51
19 44
90 98
23 16
44 63
55 50
35 94
6 56
61 64
3 66
3 57
26 13
35 69
53 37
74 51
24 92
96 23
2 97
45 50
4 44
52 20
20 30
25 98
0 70
68 88
17 50
33 45
52 15
26 54
81 77
55 21
58 96
79 46
95 80
77 98
85 72
37 1
51 68
91 50
40 96
75 98
33 33
9 68
57 91
9 11
58 86
68 92
19 22
16 58
69 3
8 86
84 14
48 6
13 25
55 53
66 18
43 5
29 2
66 63
63 45
39 55
19 10
6 27
58 63
17 95
70 7
9 26
45 48
71 76
8 43
36 60
52 76
63 28
1 46
73 52
44 19
24 30
7 46
33 60
54 29
33 67
79 89
38 77
60 35
56 6
42 83
3 5
29 98
77 32
14 77
75 44
85 40
2 87
5 29
12 58
47 43
14 21
72 25
14 84
7 3
22 18
91 14
57 9
25 52
0 67
77 79
46 78
45 89
85 62
75 76
16 34
6 10
6 41
94 14
71 79
62 28
69 20
11 21
39 0
2 54
72 74
18 20
95 62
15 59
84 81
89 76
24 34
23 79
65 55
20 44
32 47
33 31
54 70
38 50
42 91
26 14
85 43
89 57
3 55
1 88
60 0
23 64
14 25
90 59
32 78
40 40
71 8
31 16
74 17
50 40
3 84
27 15
54 37
13 36
31 28
79 24
14 79
8 97
78 83
55 11
6 65
6 63
13 8
52 19
72 7
48 54
38 43
31 69
57 79
86 85
21 65
46 81
41 8
16 13
74 30
70 82
94 79
79 16
62 89
5 98
81 93
13 84
67 58
63 53
53 95
22 1
25 12
95 90
5 78
9 79
1 45
12 37
46 71
4 24
23 65
68 41
93 81
39 47
26 47
37 56
79 37
79 22
72 20
50 70
54 16
47 87
24 28
50 20
19 5
45 87
84 89
66 82
70 49
90 23
45 16
54 31
38 83
8 2
83 79
79 33
70 81
33 21
19 54
89 75
44 92
29 39
50 91
5 85
72 10
1 98
51 63
54 79
33 68
38 80
41 41
50 29
2 89
91 22
65 75
23 42
23 24
95 61
64 27
56 63
74 45
26 26
98 8
98 22
16 21
63 64
4 15
45 58
16 7
59 37
1 30
4 93
28 19
56 48
94 39
85 59
52 2
60 84
73 30
21 22
51 9
22 15
53 3
28 53
8 17
28 10
57 52
95 38
47 76
8 9
3 31
93 28
1 29
87 86
9 49
51 62
40 11
57 83
14 3
79 59
17 79
16 80
6 33
39 58
37 79
43 14
89 96
27 68
60 2
9 82
43 34
31 3
63 80
27 2
32 49
5 48
35 13
1 87
15 62
8 32
38 70
49 39
70 4
13 85
38 44
34 85
28 12
95 4
23 3
12 95
81 90
94 74
75 45
19 93
8 26
4 48
74 59
74 49
19 40
1 11
55 77
67 10
55 83
78 3
82 94
2 53
24 85
2 24
88 15
54 15
10 69
98 26
11 11
28 18
26 81
46 49
41 40
40 13
8 16
60 57
69 50
92 12
74 16
22 48
29 44
2 72
47 73
66 19
49 79
34 0
7 87
38 86
38 53
40 36
10 13
47 65
18 14
23 73
77 40
2 73
43 29
38 82
77 28
54 49
25 77
30 97
14 24
55 67
35 64
84 68
8 36
72 85
6 67
78 16
93 37
89 86
77 78
69 57
54 24
84 94
97 42
29 23
73 45
15 20
85 42
6 5
20 78
47 71
48 64
30 14
75 89
38 18
67 95
30 28
26 31
66 59
92 63
3 64
8 81
61 70
55 22
88 68
71 93
0 96
73 24
75 85
24 48
55 38
30 87
33 65
49 93
50 64
54 46
56 95
79 39
74 18
7 88
71 54
83 78
2 1
98 89
43 95
41 43
93 92
33 89
82 77
3 7
89 83
62 24
30 0
90 50
48 51
41 77
17 92
92 41
89 8
2 46
12 4
31 56
23 34
10 42
40 42
87 53
97 36
76 73
77 35
48 40
95 44
56 2
72 39
71 53
77 21
X
63 38
18 75
20 55
33 66
X
96 32
X
X
X
36 52
52 6
X
77 45
36 62
94 92
62 51
67 77
13 40
17 20
X
70 32
X
X
X
86 18
X
X
X
56 94
X
76 78
8 91
33 38
X
54 21
X
X
X
10 21
28 83
18 59
X
X
97 43
7 4
X
X
X
X
X
82 25
28 57
X
56 87
X
X
X
39 90
X
22 42
92 22
30 39
X
X
8 57
39 21
X
90 76
13 14
X
77 13
27 91
X
22 30
X
88 28
X
63 7
28 42
X
X
93 69
53 61
74 53
X
X
X
X
51 51
90 0
X
56 33
X
X
X
17 84
55 82
42 10
55 85
36 86
84 79
X
X
X
31 26
8 96
53 28
52 60
X
76 24
95 78
X
42 7
X
X
X
47 6
30 37
21 2
X
48 56
32 31
10 84
X
X
0 98
47 28
68 98
14 18
75 91
80 93
31 57
53 18
X
X
X
98 50
X
85 16
X
51 34
63 76
X
91 16
X
X
X
7 80
65 48
6 26
X
39 11
8 47
83 94
X
X
44 58
52 51
33 64
X
84 78
36 50
X
40 25
81 85
X
60 86
2 86
X
71 52
60 71
X
35 63
53 65
50 72
X
X
X
0 69
X
X
X
56 42
74 64
19 71
16 81
71 70
41 38
15 64
X
61 36
X
27 98
0 50
31 93
13 61
75 33
87 38
X
70 95
X
31 86
26 73
21 21
66 40
X
48 45
X
X
X
96 11
1 72
66 66
35 49
X
64 72
87 43
X
43 94
31 25
X
24 36
0 95
X
X
44 50
X
39 97
X
X
59 92
X
44 37
X
X
X
X
X
95 39
8 93
X
10 68
X
53 17
95 70
57 33
10 93
X
49 57
27 41
11 86
11 56
28 78
X
86 37
X
X
4 50
X
34 88
15 10
X
X
X
59 96
X
X
67 41
X
29 42
96 36
29 97
94 70
66 83
67 55
X
69 55
X
56 69
X
1 68
24 75
X
X
45 40
X
2 59
X
72 72
29 50
X
96 89
X
X
X
97 59
96 49
X
X
31 39
67 39
87 44
83 86
X
59 66
10 32
X
X
43 28
40 77
38 58
83 38
X
44 96
X
X
36 88
87 46
X
X
86 3
X
X
X
X
X
97 57
12 1
X
15 27
51 4
X
X
X
79 87
78 31
X
4 49
9 25
X
56 9
X
X
8 30
X
X
37 77
80 30
24 26
33 17
1 27
94 59
4 3
90 17
X
X
X
46 33
X
X
X
42 5
X
X
X
4 69
X
59 38
61 77
X
X
54 38
87 49
X
X
74 8
X
50 62
17 17
X
X
95 65
61 26
X
40 9
94 44
73 35
35 39
83 67
5 61
97 67
31 2
X
X
X
34 65
17 6
12 7
27 74
20 41
X
X
6 42
X
30 26
X
90 65
X
X
54 58
X
4 94
42 36
46 21
75 51
68 80
69 72
X
21 17
62 25
68 24
38 33
32 41
26 76
X
5 87
8 41
X
X
84 1
X
3 30
8 12
82 74
X
X
24 84
X
X
X
85 35
X
X
X
X
X
X
X
81 48
81 86
90 63
55 5
X
48 31
42 63
X
27 14
18 19
X
X
17 40
52 91
X
X
66 37
6 85
26 28
45 37
X
90 26
65 65
X
X
86 41
X
X
81 96
X
45 43
X
X
39 51
58 7
67 81
X
47 70
X
39 45
X
37 92
31 32
67 70
87 80
X
27 83
58 21
5 74
X
30 98
X
X
43 53
X
33 26
X
X
X
13 59
X
48 77
10 17
X
X
X
X
X
93 78
X
X
6 98
97 92
87 3
X
56 31
23 35
X
X
6 84
X
31 92
17 96
29 68
X
25 30
X
58 85
48 85
11 22
29 37
X
52 52
X
21 72
77 91
76 28
X
77 47
23 47
4 76
X
X
6 21
X
X
X
X
X
20 14
73 59
X
X
X
X
X
63 35
X
X
60 53
58 4
55 32
62 93
21 29
58 26
X
79 5
85 20
55 19
9 67
X
X
X
1 64
27 64
90 70
15 71
X
X
5 51
41 48
94 27
75 21
X
92 92
96 26
41 10
50 48
71 34
18 62
X
X
X
53 80
67 57
X
23 72
64 96
26 41
X
52 18
X
X
28 58
38 0
X
29 81
78 82
13 89
X
65 49
30 15
95 64
98 78
67 22
X
X
80 92
X
39 57
36 30
23 2
20 72
X
X
11 61
82 48
0 15
46 64
X
76 53
X
48 60
69 90
X
11 33
27 34
X
92 70
58 80
91 44
67 45
74 21
X
22 44
83 95
79 14
X
X
40 12
X
X
17 7
77 89
8 40
X
X
63 75
43 1
X
54 1
35 19
56 29
X
94 83
84 65
89 62
41 57
79 10
81 25
X
X
X
X
28 91
X
X
7 10
0 68
22 13
X
81 66
X
X
X
14 69
X
18 28
X
1 19
77 67
10 67
69 68
X
X
85 80
80 47
X
27 78
33 18
87 7
91 63
6 90
X
28 49
X
79 61
24 53
98 31
X
X
12 46
71 32
X
73 16
X
X
X
91 4
65 69
X
95 77
X
80 1
X
X
X
15 96
11 54
45 82
90 51
X
X
3 27
38 37
X
93 27
91 20
X
14 7
X
11 59
78 15
74 92
55 46
15 77
20 70
70 20
23 7
31 94
10 37
31 71
X
74 22
40 60
21 28
85 52
37 36
X
X
96 57
94 46
X
X
X
46 18
38 1
X
13 79
X
54 86
X
54 63
16 92
53 59
59 40
13 86
5 90
49 12
X
39 53
X
5 97
X
13 77
X
X
53 45
20 62
X
X
X
65 62
X
44 60
39 68
X
X
X
75 30
X
X
52 73
20 27
X
X
X
77 51
24 59
X
X
88 83
15 34
X
66 34
X
51 25
30 30
X
65 17
22 95
43 59
23 75
X
69 83
58 57
50 67
X
76 87
72 47
29 75
X
34 41
90 46
76 93
X
44 48
X
55 88
37 66
62 9
X
X
36 73
X
X
X
3 12
X
8 50
X
68 42
2 49
X
X
14 88
79 15
X
41 67
52 21
X
88 2
X
27 82
34 95
X
36 45
57 73
17 14
X
X
87 35
X
X
X
22 69
24 94
5 20
X
13 16
27 58
45 24
X
18 65
X
X
X
98 51
60 29
47 7
X
32 3
X
X
X
83 40
82 31
88 5
X
X
30 43
35 62
44 90
98 68
24 6
70 80
91 34
70 8
77 24
43 62
1 48
83 61
38 68
15 53
60 56
13 33
86 54
X
X
65 8
58 54
77 56
X
42 24
X
X
94 37
28 72
77 69
35 10
X
67 26
X
72 89
61 65
78 35
64 59
49 14
X
5 55
X
X
X
X
X
X
X
X
27 39
X
94 77
X
X
X
X
X
X
X
73 95
51 50
74 87
11 8
X
X
X
57 51
61 85
76 23
X
85 51
8 49
29 4
X
41 92
70 31
X
12 6
X
X
X
50 7
25 53
X
27 90
X
86 42
79 75
95 14
80 65
47 60
X
19 57
9 60
82 73
X
52 56
X
X
5 33
X
40 23
75 72
77 17
17 16
X
X
55 79
25 84
87 85
70 44
X
X
7 7
X
X
X
50 79
88 53
X
21 94
82 20
38 31
X
X
X
69 22
80 22
24 95
36 49
X
28 74
X
X
X
X
X
1 97
65 90
85 25
83 26
86 83
X
X
X
95 47
X
57 23
64 49
17 91
X
X
X
20 42
X
47 59
93 91
76 66
X
18 5
7 2
26 78
71 7
61 53
X
69 53
X
X
42 78
4 51
14 19
X
26 12
X
X
X
23 37
X
X
32 2
X
X
X
80 54
78 14
X
X
76 71
27 21
X
78 79
18 71
X
12 25
41 75
28 50
54 83
19 80
39 44
23 90
X
X
61 29
79 84
X
X
X
X
17 54
35 92
3 32
91 98
X
20 58
67 63
X
42 95
27 60
X
X
67 74
18 27
X
X
73 86
89 53
2 0
X
X
6 40
X
51 86
20 73
X
X
X
36 72
X
11 72
X
X
73 43
11 91
11 69
X
47 52
X
57 34
X
X
56 52
6 94
X
X
53 74
48 50
X
33 11
17 5
X
94 55
33 87
X
13 23
X
X
87 52
13 87
98 71
4 71
15 91
X
44 54
43 37
88 41
X
X
5 10
60 85
39 82
80 45
63 25
96 45
91 92
75 46
28 80
59 71
37 87
39 17
57 90
54 90
61 89
62 88
70 46
30 86
19 73
86 53
61 47
