175 9
34 77
117 93
108 110
135 119
120 120
34 138
94 62
160 57
175 139
90 112
84 140
28 141
112 132
117 89
89 145
4 146
61 146
25 147
142 45
117 8
143 83
20 148
8 72
168 60
64 8
21 150
120 14
23 151
52 153
128 153
55 155
190 156
56 157
30 121
99 100
137 95
12 152
127 39
103 158
77 45
86 121
109 159
150 160
121 162
79 60
68 139
109 163
79 54
18 165
7 167
108 167
55 168
25 169
109 169
29 5
132 170
134 132
126 39
134 170
86 93
159 60
147 170
179 61
178 81
12 153
50 171
177 81
137 154
150 171
86 161
54 115
44 6
121 9
88 158
100 175
52 24
117 140
195 128
130 70
147 159
184 142
110 142
41 145
102 175
78 145
161 172
151 16
116 176
192 78
75 177
90 177
189 178
129 31
153 179
115 91
51 174
135 10
172 106
148 103
100 133
192 180
143 65
67 40
87 163
48 166
197 180
4 43
56 163
172 41
137 140
12 181
153 171
178 170
161 32
163 93
29 150
151 170
104 33
18 186
148 170
23 83
169 146
110 59
191 186
29 26
122 13
195 59
19 156
34 19
122 23
1 163
79 127
6 50
87 189
13 190
174 77
109 113
84 74
122 15
107 180
124 180
170 177
85 155
87 84
113 12
51 30
53 190
160 55
50 30
59 58
193 183
62 190
111 190
29 121
62 143
79 36
95 69
65 75
32 160
51 150
162 190
15 189
110 31
27 137
141 161
18 180
38 183
144 184
118 144
29 137
137 77
129 90
102 72
169 191
94 67
125 80
137 14
160 121
56 192
42 39
38 63
71 147
113 149
63 192
134 24
149 28
195 179
87 105
132 188
19 186
6 132
42 41
143 146
189 192
144 194
52 171
125 145
145 195
82 46
88 196
142 30
45 67
139 94
90 196
23 141
29 28
38 69
154 105
23 17
171 120
154 104
167 197
31 147
52 36
64 76
146 150
87 157
X
X
130 23
4 42
144 64
86 29
38 112
151 37
120 163
132 163
119 163
161 189
X
141 197
11 89
101 111
63 3
X
194 80
119 154
13 193
178 35
193 19
59 162
136 177
154 102
171 18
92 175
98 165
167 189
20 152
3 93
X
147 191
X
54 139
91 22
176 134
102 8
110 158
164 58
191 19
146 191
141 147
5 190
43 40
61 95
167 181
107 84
27 172
145 29
86 119
X
168 120
77 150
X
83 74
172 40
125 113
141 175
X
138 171
16 42
25 43
193 115
114 24
13 11
130 161
X
55 16
X
85 154
7 58
180 156
33 17
154 176
X
X
41 2
X
32 94
64 145
182 94
52 127
53 30
66 12
27 173
181 118
52 147
147 88
X
126 170
152 50
181 190
123 90
181 108
77 32
157 124
X
158 49
89 173
X
83 162
64 51
112 31
79 4
87 93
103 159
28 81
147 181
X
189 165
104 164
63 48
109 133
188 18
112 187
28 15
118 39
133 132
59 89
70 127
18 177
19 125
118 24
157 143
125 122
195 115
124 86
10 147
98 31
174 31
17 137
14 24
192 183
X
64 163
111 175
X
178 32
174 156
168 31
155 180
84 76
142 143
144 183
160 20
76 83
37 171
89 149
6 51
148 59
197 182
133 163
183 51
86 81
163 109
45 157
191 172
50 190
20 36
195 119
167 194
57 193
94 43
194 180
70 75
60 85
120 37
130 69
187 166
188 154
156 121
112 133
168 176
30 160
87 57
X
X
6 147
161 118
53 136
71 40
187 156
113 175
68 176
152 135
176 97
131 109
98 167
73 166
X
75 32
123 91
37 169
148 145
128 24
37 74
74 150
136 18
45 9
X
5 172
X
134 57
56 168
X
162 118
77 46
70 190
39 17
142 145
89 112
X
114 86
66 31
13 47
187 171
155 190
165 172
23 16
57 74
11 76
21 152
X
X
33 192
4 76
116 8
X
X
162 195
55 147
92 113
X
27 42
24 83
125 39
168 75
146 40
195 97
131 41
152 49
90 193
104 158
75 135
16 55
171 10
X
171 11
172 110
166 159
128 192
94 195
170 76
146 165
117 67
70 36
86 170
66 168
172 109
85 161
36 147
42 37
86 102
34 74
83 4
42 158
28 171
141 72
53 115
125 38
187 142
121 78
42 160
13 45
X
92 184
157 11
28 170
111 140
190 172
172 176
140 12
87 81
12 67
105 164
78 109
4 71
110 122
97 30
87 35
56 106
141 174
51 187
112 119
123 86
81 142
11 149
X
154 103
34 73
59 161
118 68
97 63
49 163
71 75
166 104
54 109
50 51
143 43
85 71
86 168
127 113
56 86
53 179
91 107
81 49
X
146 146
7 174
115 27
37 147
79 129
72 162
X
101 62
56 182
86 141
97 159
14 44
71 128
100 166
191 2
161 110
94 42
162 15
55 187
162 194
128 45
159 96
83 83
63 45
67 162
7 60
68 117
161 137
77 56
135 77
96 33
123 153
64 77
129 156
158 19
167 158
X
21 32
56 58
X
143 31
X
X
176 118
193 188
132 132
41 147
124 47
154 146
83 84
100 165
13 80
143 53
152 18
87 149
16 152
X
173 18
151 176
X
55 182
X
49 18
99 164
6 183
44 74
110 167
X
69 105
88 168
132 131
26 42
56 135
X
55 23
36 169
44 124
108 74
25 185
18 178
63 163
30 163
120 145
192 130
112 118
190 174
26 184
160 10
159 157
152 164
34 65
77 120
112 32
X
143 40
41 157
23 35
167 30
94 191
170 134
105 180
156 196
X
164 170
126 183
155 191
55 18
130 180
68 102
92 138
X
17 125
48 168
62 182
152 31
143 145
15 27
38 50
68 60
72 166
83 46
117 53
79 30
11 93
100 151
43 124
131 62
27 85
172 28
122 121
123 170
91 182
16 175
104 111
X
164 59
69 72
11 176
68 136
46 41
167 29
85 56
169 106
95 158
60 62
22 141
87 83
24 151
123 23
52 170
115 167
141 120
14 89
144 148
20 167
X
X
172 161
26 170
48 5
118 163
167 60
26 194
84 161
183 180
126 71
85 137
55 181
8 153
52 173
X
19 103
126 37
158 104
124 56
57 119
31 124
114 166
53 182
148 158
192 182
100 164
X
36 20
139 41
111 132
32 163
175 169
9 166
X
51 44
137 150
78 127
137 13
83 68
86 56
44 50
155 70
83 72
56 79
51 154
98 113
25 78
143 39
172 142
147 161
145 191
190 195
6 139
71 135
85 141
X
126 113
53 32
121 187
119 191
121 121
28 128
93 65
128 52
64 143
188 157
133 164
166 152
172 188
170 146
49 168
30 194
178 78
183 39
117 162
X
94 194
X
193 90
43 156
137 22
138 75
89 57
186 100
152 57
124 67
11 154
189 172
188 165
149 65
139 174
64 95
193 50
152 16
158 121
56 75
34 194
156 190
131 42
23 86
135 173
142 105
136 75
151 181
X
114 84
5 191
155 9
X
188 172
155 144
75 161
170 28
186 67
143 123
56 110
54 170
71 60
51 136
151 137
39 62
X
X
134 146
195 118
76 160
134 99
X
159 101
144 180
63 156
174 160
193 118
X
31 160
106 18
X
119 162
X
124 176
55 173
X
31 125
92 140
188 175
104 182
74 125
164 169
66 6
X
155 1
25 42
95 64
175 76
13 191
46 62
54 52
57 139
137 152
64 94
156 153
68 36
127 35
80 58
105 101
112 150
158 139
102 18
125 123
35 147
9 114
X
X
176 17
125 60
114 167
41 193
161 170
51 140
14 57
172 180
27 96
11 11
138 182
102 97
121 154
158 10
25 149
124 183
135 138
51 171
80 142
100 14
168 134
22 17
17 180
180 155
194 78
132 130
15 77
183 48
125 23
105 161
43 70
X
107 17
80 32
164 74
159 74
X
76 162
191 130
66 175
124 100
4 137
95 25
55 188
193 29
128 180
56 120
X
73 188
155 13
128 39
74 28
X
X
64 31
X
30 74
70 163
129 49
63 147
92 182
180 158
156 72
X
42 75
32 108
105 179
40 63
187 158
154 92
37 49
34 18
16 137
155 8
142 183
158 36
178 168
45 107
71 74
135 72
5 171
188 12
125 76
188 160
48 106
33 181
127 90
49 5
160 137
29 186
26 193
193 194
49 193
158 124
160 135
158 39
158 5
149 94
169 141
175 93
149 31
61 181
X
X
91 4
X
141 92
126 46
146 36
88 70
69 86
134 56
184 196
165 88
18 176
23 195
161 78
X
137 156
40 164
31 154
142 123
57 85
133 192
39 31
X
165 89
X
141 75
17 166
126 179
5 141
55 139
101 92
98 173
101 195
126 109
107 179
94 193
158 38
23 32
95 140
78 108
60 158
38 30
25 49
108 160
158 101
9 101
81 90
80 39
58 140
177 143
107 19
46 70
77 54
117 91
27 94
164 85
138 94
151 9
62 159
146 106
183 104
124 179
93 138
3 139
41 156
72 150
47 55
161 31
168 119
81 56
109 118
63 95
97 84
49 153
98 147
28 47
43 137
88 56
152 137
55 166
124 91
108 32
71 191
49 14
171 191
44 155
157 9
155 53
125 91
41 192
169 103
46 43
38 40
44 70
21 151
66 178
121 126
74 30
66 177
25 15
81 32
7 62
119 70
27 171
187 140
124 45
79 73
162 191
148 102
165 87
5 154
46 67
34 184
89 193
14 39
13 89
104 173
100 149
178 20
72 190
22 140
34 124
191 188
12 104
193 195
145 196
134 39
28 50
6 49
13 176
X
X
55 180
68 177
X
160 61
X
20 102
4 154
16 91
X
137 174
131 188
70 135
24 65
52 154
169 142
122 78
54 18
184 139
108 121
44 166
26 195
67 161
144 191
132 169
129 179
132 165
18 179
117 27
52 90
138 181
85 33
121 133
142 180
61 93
70 18
91 89
29 187
150 88
43 155
162 120
27 140
102 69
78 147
136 167
136 11
163 74
81 60
155 196
106 64
11 142
105 160
55 108
86 158
92 52
69 7
29 7
67 131
106 31
88 54
118 67
191 192
66 75
181 196
66 76
53 181
161 93
140 180
127 100
71 73
53 175
56 179
31 105
154 86
64 177
138 169
121 145
48 170
118 162
179 80
42 166
4 39
99 149
4 133
X
71 150
17 119
51 54
69 46
159 31
73 125
81 136
193 116
179 71
32 17
102 100
141 160
X
49 85
151 165
X
117 40
X
23 193
50 192
69 2
145 18
73 161
143 191
89 170
126 182
X
87 197
19 165
14 115
48 171
15 69
29 136
174 157
87 68
79 77
88 189
7 113
174 164
127 85
53 18
X
X
60 88
104 99
138 183
47 54
X
35 17
70 46
5 59
96 166
X
84 141
90 158
162 153
194 82
81 140
69 194
177 117
50 47
176 18
51 18
22 139
90 53
191 160
31 155
157 57
144 119
54 107
187 172
178 109
137 16
12 89
103 182
72 146
135 9
7 30
187 159
159 156
24 185
107 189
52 44
103 163
75 29
53 180
56 73
130 25
54 171
108 59
129 188
98 148
50 74
194 90
X
36 56
116 144
128 36
186 65
120 149
130 182
177 168
X
162 12
X
67 180
192 181
172 107
154 56
105 154
86 105
176 16
26 120
17 72
41 40
82 141
39 173
125 12
60 84
168 72
46 42
85 83
157 195
X
73 162
112 34
34 147
99 8
161 30
132 115
89 58
118 140
121 152
119 153
142 184
87 120
44 133
67 135
10 168
X
110 139
101 61
25 148
63 178
51 51
X
160 53
126 47
53 90
157 139
94 190
173 139
155 101
145 20
98 100
4 73
52 115
7 173
61 177
169 139
43 44
81 45
92 53
47 119
49 187
4 153
168 28
134 76
118 80
157 15
X
X
79 32
X
32 8
26 191
28 150
36 146
156 10
129 23
56 108
X
179 32
53 84
X
4 152
55 174
158 50
104 172
197 181
5 151
56 84
47 104
151 31
123 176
150 16
150 118
95 138
7 46
110 157
104 112
84 96
179 16
64 144
42 133
X
89 101
74 83
56 152
71 38
159 63
52 144
66 36
1 179
56 24
X
157 136
X
91 184
97 83
107 86
6 140
65 71
194 87
142 38
11 166
34 187
X
24 116
67 160
90 52
X
X
59 7
14 141
104 174
68 35
X
192 30
61 156
76 46
179 17
X
169 132
56 167
3 141
134 101
X
36 145
61 128
52 135
105 189
162 93
120 195
16 44
X
124 98
75 160
169 30
92 54
106 192
121 143
117 144
23 33
57 120
152 19
55 163
53 127
107 77
42 136
105 188
194 89
86 108
154 93
128 89
16 179
137 15
155 49
77 12
189 157
25 195
58 62
X
176 197
8 149
X
164 82
74 82
X
154 94
81 46
179 29
35 152
135 98
28 80
88 104
X
125 59
X
143 96
23 9
159 93
141 122
49 150
28 136
182 30
29 138
32 87
122 86
X
162 78
139 104
29 120
75 67
84 86
51 23
83 161
5 178
94 92
155 10
135 177
138 110
X
139 16
179 28
143 148
X
54 108
152 91
195 187
X
7 171
176 194
44 98
87 58
6 26
55 74
173 21
56 60
189 21
182 25
170 60
X
188 41
X
73 93
107 88
53 154
10 154
108 170
93 62
46 37
169 107
6 12
97 113
84 137
11 139
129 165
193 130
156 63
2 133
192 189
63 179
124 99
28 124
108 123
156 156
160 169
182 183
187 141
138 180
178 18
109 15
85 157
181 181
195 143
76 34
93 123
143 188
158 18
73 67
96 30
66 72
157 104
159 104
23 18
29 74
111 73
74 67
146 105
18 175
151 30
181 70
15 176
61 179
14 179
48 167
93 184
108 122
38 182
193 180
X
110 132
111 118
58 58
34 63
190 50
139 72
22 9
70 17
189 141
56 78
180 157
65 50
106 32
16 119
65 182
27 136
101 28
83 141
10 113
57 179
147 188
117 10
95 97
75 174
193 22
188 152
124 109
17 78
30 186
151 88
90 189
163 78
129 164
146 145
169 60
191 170
176 58
180 39
185 167
16 156
52 187
85 58
100 12
142 15
97 157
172 146
53 192
50 195
109 31
75 178
72 56
88 69
139 102
96 81
39 29
123 56
103 99
72 57
59 156
X
143 190
159 155
X
X
161 120
35 153
163 152
124 110
X
179 31
175 104
X
70 57
126 84
33 31
27 78
45 62
130 67
X
49 195
31 110
129 67
49 194
84 102
184 190
178 155
18 169
75 163
144 31
98 164
76 145
67 159
X
156 155
140 41
105 57
175 82
123 154
92 112
143 189
88 149
55 179
94 133
49 40
169 102
42 155
106 61
18 188
55 41
18 189
72 67
172 18
75 106
34 123
42 19
21 147
174 154
77 186
166 56
160 13
17 188
137 149
X
175 7
X
77 188
55 70
155 195
125 97
X
X
X
166 88
97 156
100 148
114 175
91 64
42 120
72 6
81 77
94 89
171 138
43 127
55 52
135 130
95 85
3 41
160 74
121 129
143 59
74 56
172 160
16 24
106 76
43 166
13 36
125 37
152 165
174 53
108 124
89 120
192 90
74 96
41 155
81 141
81 44
170 176
94 192
78 146
X
88 105
100 88
140 10
174 76
84 101
182 50
X
29 45
128 85
X
24 21
159 49
40 70
17 156
151 90
177 28
161 195
45 137
X
122 29
107 35
28 139
41 166
73 60
X
91 63
128 23
184 155
185 143
48 154
97 112
34 192
43 128
104 32
146 122
196 32
51 40
59 163
175 131
78 16
30 98
133 115
73 139
191 60
170 138
3 140
7 123
192 40
85 30
57 89
184 151
75 7
59 128
98 68
26 79
151 28
144 188
26 185
194 146
79 75
24 124
27 168
36 185
133 130
142 31
176 92
X
33 6
175 91
65 77
40 166
110 161
121 80
98 172
24 42
4 40
112 131
176 155
146 144
121 185
102 99
160 9
64 114
31 123
164 5
55 40
34 104
X
34 146
150 164
167 178
X
41 31
162 41
121 186
68 191
168 178
42 43
33 56
186 138
137 148
45 44
37 56
130 24
112 175
148 165
29 114
192 41
132 129
X
112 134
53 191
47 120
125 179
164 159
129 89
131 156
146 143
39 91
9 99
10 153
135 139
185 165
22 138
90 169
52 136
47 51
154 37
9 112
148 164
152 22
79 180
70 6
123 133
125 183
143 52
13 192
126 23
162 127
58 139
160 191
181 177
67 158
115 53
X
X
75 119
51 84
83 136
133 149
125 47
X
188 8
83 71
75 179
103 47
114 85
67 17
35 139
99 157
13 90
64 175
X
189 106
119 28
85 95
159 52
41 146
155 86
26 169
X
137 104
194 48
110 85
152 41
18 156
169 192
128 91
122 133
44 165
14 80
38 91
X
133 128
19 188
84 73
38 66
176 81
68 20
38 56
177 144
103 48
14 117
84 136
24 137
158 105
33 153
145 188
43 135
105 153
149 169
2 130
4 164
172 46
X
36 49
152 183
147 118
154 144
141 196
171 178
121 184
X
141 146
179 76
46 83
154 135
X
9 46
83 88
39 171
140 13
155 85
17 179
92 62
57 194
66 172
135 121
69 75
34 56
22 137
88 121
46 104
56 88
185 155
26 141
24 28
95 159
175 197
86 197
169 48
149 164
X
17 152
X
42 86
10 112
109 122
160 194
67 139
154 91
61 129
102 68
7 110
83 143
81 126
176 130
25 68
121 13
161 169
142 119
133 56
128 100
77 157
177 197
169 176
48 55
X
103 125
103 153
21 28
40 36
4 151
63 145
174 28
X
1 91
X
16 68
123 173
167 27
173 189
31 108
146 17
186 106
55 17
129 51
30 94
149 68
154 71
112 190
120 133
65 168
68 16
123 174
X
17 124
78 81
191 79
193 82
63 169
72 135
X
189 80
148 95
X
157 8
183 155
104 152
84 29
4 174
185 73
143 147
X
104 142
100 191
156 68
190 106
33 123
191 89
132 128
162 152
53 43
76 88
150 169
11 177
88 8
103 180
100 13
192 143
123 104
22 147
150 161
5 139
77 180
23 182
175 164
28 134
40 165
129 71
116 53
149 88
102 152
76 28
176 157
45 108
168 52
123 172
174 197
90 183
164 173
120 187
185 75
148 133
10 51
157 105
175 8
141 89
61 130
177 123
65 171
141 162
141 121
3 133
11 79
147 94
131 165
X
9 52
165 158
23 42
194 32
X
158 4
145 30
56 171
X
90 123
125 148
160 127
105 152
105 31
68 57
83 81
51 28
19 153
81 54
149 30
44 75
167 182
6 25
13 77
147 166
133 141
X
170 91
107 31
79 29
14 40
145 130
168 133
53 163
160 52
120 147
181 109
3 172
46 106
X
130 156
13 74
15 48
X
84 104
48 165
44 181
X
80 54
119 195
168 91
74 99
180 30
76 180
X
X
69 70
122 11
14 102
122 162
67 134
138 16
110 32
75 66
168 39
166 154
128 97
6 138
95 139
193 187
108 157
X
175 103
52 30
79 46
36 17
39 18
132 127
171 188
174 155
53 87
170 182
143 45
165 90
114 179
120 184
12 149
112 189
15 188
9 30
106 124
190 102
171 8
139 96
43 158
16 92
3 163
171 119
134 42
121 10
154 142
35 20
110 18
166 171
6 171
101 12
87 56
29 116
55 55
51 115
37 91
56 5
183 142
18 118
46 39
81 30
100 111
16 72
49 88
41 62
165 117
80 29
55 47
106 140
122 151
63 176
88 9
65 118
155 72
51 194
179 60
31 195
77 187
136 73
165 82
159 194
X
77 15
59 130
8 112
176 168
182 186
12 102
113 10
161 134
16 188
X
52 70
44 135
X
172 10
187 170
79 1
156 154
X
91 121
17 27
8 71
172 179
72 66
107 60
133 112
X
112 188
13 56
57 24
140 72
150 181
50 84
113 139
3 194
107 15
71 8
68 56
11 80
106 179
156 142
117 186
80 127
149 89
96 164
X
188 68
192 126
124 23
103 164
33 182
53 188
30 75
121 42
25 121
16 177
184 195
177 83
150 31
57 106
2 39
9 128
167 87
135 126
178 172
X
86 84
159 57
178 58
8 59
27 45
68 44
192 158
57 140
90 146
54 47
42 183
70 56
42 121
92 120
20 32
81 29
29 141
160 60
98 174
110 189
172 51
111 149
32 56
162 42
141 195
37 88
X
134 126
52 79
48 50
75 180
151 180
153 29
94 90
172 29
X
X
108 39
53 35
78 80
X
169 188
164 2
89 56
122 154
120 158
106 14
33 55
27 49
8 76
79 27
144 29
86 190
78 83
189 126
80 143
56 166
8 13
105 98
122 80
65 72
53 139
148 9
117 9
135 75
23 168
93 113
166 173
37 73
170 135
78 119
195 145
88 123
127 97
107 59
103 123
157 133
152 169
78 29
X
130 189
170 18
153 49
162 39
X
27 98
76 32
107 87
43 164
98 156
X
177 140
134 100
191 187
177 139
148 146
179 72
29 94
81 128
147 190
185 74
110 163
151 168
18 123
116 10
137 75
177 130
149 90
X
103 176
X
13 177
X
97 107
139 71
67 136
141 93
94 197
140 155
193 178
188 76
X
69 5
141 184
166 103
194 178
43 133
20 122
173 188
101 189
109 148
X
60 83
X
103 152
X
138 70
100 167
16 70
174 10
53 120
167 88
137 12
36 107
10 140
X
17 77
93 25
56 153
119 152
141 180
195 186
149 66
69 170
145 106
81 125
128 188
83 138
X
85 82
193 127
84 95
52 167
147 132
117 184
174 29
53 187
105 142
170 119
119 187
X
175 160
42 70
135 176
88 27
57 87
141 16
123 161
86 196
122 112
152 171
148 132
123 175
37 90
49 166
41 164
179 51
93 122
11 178
103 150
39 39
73 56
69 138
31 49
56 68
1 40
120 11
192 156
130 154
48 47
5 58
15 179
159 153
188 91
151 178
31 56
183 179
158 57
172 47
74 81
140 183
97 190
26 83
193 126
75 139
125 36
51 158
120 140
122 130
128 50
151 169
19 123
X
24 19
86 195
84 27
73 150
74 100
31 55
7 112
28 76
129 48
75 137
172 39
135 128
71 162
43 87
13 102
140 162
X
127 171
8 98
103 24
64 159
98 54
66 17
176 158
152 54
186 172
108 77
10 28
123 108
118 191
63 6
67 177
54 36
29 160
168 76
126 132
87 97
93 112
113 9
37 89
158 194
143 144
102 98
9 84
120 129
181 117
169 181
140 184
44 76
64 2
171 9
13 136
152 17
125 52
140 16
161 127
39 36
141 143
124 182
42 123
56 7
X
89 158
3 186
128 154
50 115
179 77
24 15
63 168
25 114
41 183
104 92
39 112
X
143 180
42 63
90 194
194 79
157 144
165 155
68 116
34 145
177 172
16 53
72 187
X
X
106 75
49 10
140 14
X
78 122
171 189
88 59
173 192
98 149
57 191
133 126
27 123
3 161
12 151
71 56
10 88
40 162
45 106
X
109 187
27 119
165 118
24 18
143 66
51 176
42 62
142 106
137 155
61 180
157 10
104 31
28 49
32 123
36 55
102 17
X
94 64
38 181
X
187 68
104 108
92 190
122 126
85 34
169 140
23 194
8 74
191 90
166 91
6 123
108 187
164 56
50 187
75 175
142 181
64 116
2 193
79 76
186 105
8 123
77 121
181 186
186 104
71 149
24 17
71 3
38 196
190 51
95 54
58 135
82 44
104 68
X
195 183
77 151
195 4
15 192
165 77
172 52
97 54
191 10
10 132
X
X
X
25 67
126 97
80 16
183 154
98 189
X
33 195
108 31
189 167
X
42 7
179 18
179 105
131 192
84 30
180 186
74 29
171 183
135 120
134 148
X
184 192
56 114
69 115
52 40
188 176
18 134
184 141
156 122
38 51
71 152
138 161
64 73
131 58
172 192
4 161
X
130 179
130 30
10 4
22 135
40 112
12 69
144 105
81 129
14 76
X
90 42
179 83
76 161
41 74
90 8
14 139
43 183
103 162
154 143
18 152
31 6
69 56
X
13 181
191 194
67 34
147 40
40 86
8 102
169 119
34 103
103 141
195 56
36 172
32 195
187 104
99 110
193 176
74 136
147 36
111 168
21 9
64 71
110 190
X
X
131 38
75 157
180 195
112 122
12 147
84 75
176 95
80 129
91 193
54 157
41 29
141 41
159 154
186 154
135 175
9 102
168 87
128 37
193 129
80 49
51 20
133 140
73 152
176 109
99 26
106 48
26 45
51 163
140 15
189 14
X
173 190
65 175
X
56 136
X
76 86
135 174
5 30
12 176
157 194
193 193
173 143
X
41 30
193 114
194 97
X
14 55
9 130
109 157
173 197
67 116
40 87
23 7
86 59
148 168
128 179
194 115
28 149
177 108
168 181
23 6
87 162
173 142
139 103
152 90
161 8
159 127
176 82
X
50 18
49 54
145 114
101 176
132 191
13 178
54 163
35 54
X
X
131 54
22 32
X
124 113
4 165
180 105
54 195
173 141
55 106
12 90
120 15
175 162
147 184
177 138
18 174
122 76
X
182 179
126 133
143 36
113 138
159 94
132 155
122 104
73 189
93 109
69 73
148 143
6 58
134 70
160 11
144 118
192 178
76 91
142 37
152 55
98 176
46 68
11 67
128 38
182 106
52 141
196 96
65 8
187 138
4 74
34 17
135 150
74 57
19 167
16 174
107 162
92 41
17 168
163 116
18 133
176 172
119 58
152 82
104 179
133 148
29 119
112 36
13 27
122 14
161 21
69 102
159 38
38 68
194 46
70 125
29 115
160 133
44 179
75 162
107 187
31 192
158 63
44 137
51 52
52 51
159 106
110 118
69 8
159 170
152 51
139 164
155 142
X
73 163
118 195
187 168
125 133
66 73
28 98
135 24
X
160 8
53 85
91 122
X
136 171
149 162
53 78
72 93
X
65 180
108 111
167 33
49 188
86 120
188 90
125 89
118 194
21 68
150 158
191 58
167 26
193 4
143 95
94 30
37 54
119 184
177 132
105 26
103 28
196 97
178 157
174 138
27 76
14 140
122 26
183 109
41 112
72 91
6 13
49 155
X
53 14
171 48
16 155
134 171
94 41
96 54
51 36
141 194
91 157
154 72
193 175
168 197
180 50
X
52 55
40 74
61 155
152 182
179 186
98 33
63 177
63 8
125 119
73 193
96 14
131 112
101 60
40 29
162 106
10 142
32 194
100 176
59 129
67 102
81 4
91 43
88 147
81 31
87 146
143 119
13 15
66 3
173 6
145 143
75 83
53 24
106 39
68 115
96 165
41 77
150 76
74 98
141 40
21 6
113 140
84 89
158 8
117 42
48 156
117 167
73 148
70 20
125 74
124 85
128 98
127 10
139 162
57 181
55 145
148 78
101 5
160 56
148 144
156 8
75 80
151 29
161 106
189 160
186 155
74 157
93 84
18 135
74 80
31 7
137 11
146 166
111 101
183 124
120 132
134 168
172 138
173 19
40 172
61 127
36 148
36 181
95 137
126 124
28 123
98 53
54 110
141 76
38 144
107 39
39 142
153 54
110 141
102 19
98 32
70 8
152 28
40 69
103 27
141 119
24 140
120 39
137 70
109 130
56 134
134 138
15 108
127 8
34 54
70 50
20 166
100 193
130 50
107 85
147 114
78 49
184 38
X
140 181
193 32
159 169
180 76
52 18
46 66
99 111
176 141
51 144
10 146
179 35
104 162
130 155
3 178
103 147
113 100
90 7
177 145
138 162
8 60
36 77
11 78
124 60
84 103
41 98
188 151
71 189
161 168
191 179
8 58
161 29
150 117
49 191
68 192
17 123
71 37
102 89
175 109
X
164 86
91 118
166 60
153 170
142 14
16 90
127 170
127 84
57 118
157 146
90 145
X
12 105
133 111
15 190
92 51
97 100
X
55 35
61 189
161 133
45 41
82 74
33 54
111 100
63 1
123 171
139 176
147 38
147 162
171 21
12 38
62 175
103 151
X
25 83
171 192
4 139
185 77
183 185
71 4
183 186
104 110
X
150 116
183 49
145 102
51 80
26 80
76 157
64 5
X
190 73
41 97
93 140
19 5
77 55
47 121
88 10
12 108
81 48
186 103
123 13
103 72
197 59
111 134
81 33
116 143
53 47
74 101
142 103
150 90
109 131
50 164
126 174
128 67
42 96
82 4
113 24
179 62
5 186
157 153
110 160
98 51
126 28
61 162
93 194
X
183 153
45 104
68 114
100 16
101 193
78 151
175 158
42 116
168 132
24 123
35 155
93 197
92 197
32 193
68 72
X
166 102
143 68
168 161
16 73
30 33
105 162
147 67
138 96
52 166
X
X
22 18
65 36
19 102
35 103
35 185
188 13
169 28
92 43
102 173
30 148
31 54
18 116
78 105
179 122
112 147
168 188
74 159
76 92
4 132
15 57
155 57
97 189
162 169
173 196
30 29
167 91
23 166
186 66
6 141
172 32
88 114
170 178
126 89
21 27
120 131
93 119
188 89
X
193 20
42 36
34 143
136 77
111 31
67 33
141 56
60 86
69 74
156 194
149 93
140 96
107 119
87 82
63 162
180 154
191 59
171 76
52 150
25 141
32 54
88 169
120 193
55 77
63 182
2 192
139 101
38 192
165 85
136 141
109 100
137 96
157 72
8 77
13 139
43 162
87 194
127 11
X
52 158
32 192
193 48
57 192
115 52
103 25
76 146
44 161
192 14
X
136 132
27 97
29 146
147 148
78 174
134 38
49 16
182 38
27 125
108 127
55 119
169 29
17 122
106 77
106 187
X
164 155
129 47
165 197
171 28
170 74
164 154
49 17
171 146
23 185
154 49
X
147 37
62 130
110 84
172 31
115 179
X
121 43
56 70
X
X
52 14
51 21
173 20
62 95
148 53
30 170
108 38
49 15
68 134
145 197
37 181
167 177
105 186
97 12
103 50
155 194
124 133
125 176
87 158
131 115
158 153
99 176
34 27
137 139
131 153
70 16
110 178
41 116
175 108
157 49
37 144
41 179
X
86 10
189 142
119 24
183 103
96 68
75 98
69 16
X
159 168
152 92
32 171
141 173
171 123
179 185
173 65
40 115
91 180
67 16
51 27
175 105
X
67 133
50 113
194 183
179 59
132 104
129 159
128 84
118 69
167 6
77 100
61 14
182 104
173 160
67 171
24 195
7 71
118 184
166 135
151 166
193 189
41 96
86 7
138 19
90 43
X
14 193
149 166
28 148
139 180
62 127
167 135
34 155
148 162
97 80
170 106
8 147
167 183
11 84
140 153
22 134
102 106
188 67
22 63
23 40
32 186
126 24
162 96
4 94
103 143
23 15
183 178
66 7
141 9
33 163
108 73
189 100
97 16
27 95
179 154
102 176
3 185
152 56
15 79
126 121
75 65
140 173
105 97
124 31
7 27
24 115
159 105
130 28
12 73
109 110
13 188
77 174
52 191
32 187
72 139
106 38
57 78
93 85
194 93
160 120
178 27
82 72
31 53
125 84
77 145
88 197
39 87
12 150
190 120
23 184
21 8
69 60
95 67
29 41
63 188
88 154
25 53
162 167
157 71
78 150
X
132 153
67 72
23 34
99 134
130 153
78 149
95 62
191 87
170 192
173 28
55 114
38 44
51 127
40 173
64 14
77 49
36 144
49 192
83 86
163 117
150 180
144 150
126 14
167 4
63 129
56 113
79 31
105 39
116 49
91 62
85 73
124 132
15 133
179 183
79 179
67 114
182 177
94 85
113 99
179 184
50 80
138 173
169 65
X
86 164
177 76
23 8
161 33
190 74
151 21
71 132
X
44 82
39 67
20 33
34 105
157 193
91 156
169 101
192 142
112 179
14 133
194 186
117 39
53 4
107 123
126 125
56 139
193 93
126 100
23 165
13 132
186 156
62 60
181 179
184 27
182 93
5 182
40 170
193 97
139 173
25 129
127 23
169 197
55 53
29 148
160 192
140 11
25 139
X
9 103
10 165
152 88
19 169
34 181
100 28
127 86
187 139
180 81
64 45
35 77
182 124
98 30
154 82
155 82
109 132
92 118
42 77
129 153
70 194
147 189
10 89
126 48
141 52
91 112
14 93
168 26
141 95
139 184
67 168
55 150
16 107
28 127
44 95
112 130
178 123
111 130
70 59
169 46
66 16
X
162 124
178 117
180 122
X
76 48
88 170
X
125 121
156 57
46 36
X
79 16
179 104
146 118
21 24
5 184
85 81
56 158
83 82
192 11
183 35
138 92
113 101
55 175
104 97
100 173
45 135
X
193 186
98 52
183 152
193 117
136 109
177 194
164 115
91 173
183 184
136 144
112 113
91 189
76 90
109 123
87 119
6 186
98 111
163 174
54 158
178 83
110 112
X
4 77
99 99
194 88
163 155
143 54
54 118
107 124
191 165
17 174
148 181
130 188
86 194
30 195
166 174
38 115
142 104
3 182
11 168
183 143
103 97
23 63
91 111
126 172
64 192
102 172
189 73
71 136
1 176
86 35
84 68
34 190
61 192
189 79
189 143
162 192
2 132
191 193
96 100
190 78
112 121
71 36
68 37
87 155
17 121
56 195
52 47
170 183
31 190
9 88
174 26
X
29 47
155 43
40 62
78 56
23 14
100 91
162 21
59 155
33 155
X
65 121
X
44 119
102 92
51 29
195 113
157 106
52 139
97 79
62 58
51 47
26 139
86 122
56 164
26 78
63 172
127 120
173 194
167 180
74 1
115 24
62 147
X
155 193
52 88
192 172
147 20
154 95
146 148
126 51
133 165
151 22
193 78
193 174
140 152
183 107
12 148
177 142
104 147
61 175
78 14
4 93
109 88
12 139
55 146
108 84
27 134
40 169
55 73
145 131
78 180
67 132
52 168
159 18
141 14
187 18
167 28
26 123
91 108
81 143
X
93 107
76 47
161 117
187 102
133 159
X
4 184
14 188
38 87
179 158
94 31
81 86
33 103
32 103
174 158
157 134
19 191
X
79 178
164 171
136 123
44 162
192 174
119 193
17 169
4 41
33 51
131 159
175 171
183 183
106 13
191 178
166 155
146 123
196 93
146 52
27 53
118 70
74 65
161 94
104 38
21 102
5 123
73 190
71 90
2 25
47 49
121 74
31 97
110 130
169 145
56 83
42 10
105 159
35 144
21 17
159 8
127 87
42 74
48 163
35 56
187 157
145 33
119 145
93 181
165 181
131 40
160 190
194 179
35 135
14 116
30 190
44 182
28 168
138 152
127 124
39 16
66 77
79 161
159 139
87 145
130 181
147 143
38 194
93 118
119 140
73 65
46 86
152 21
90 184
6 131
40 116
140 164
92 139
82 138
109 171
93 79
142 59
18 191
6 184
110 15
80 77
39 15
138 11
86 142
103 160
28 45
64 72
85 93
189 78
71 146
150 185
165 179
172 53
5 60
108 126
20 119
104 107
170 179
115 6
188 35
89 10
28 26
192 46
73 6
99 147
108 118
178 62
87 33
6 185
76 89
9 131
27 139
135 123
2 191
88 167
4 95
41 162
53 174
159 171
97 82
10 84
28 125
124 46
70 166
74 188
110 147
87 72
125 77
162 155
146 130
147 182
15 76
160 107
78 38
183 192
148 93
193 18
162 174
116 68
31 94
123 107
101 172
16 154
68 180
50 114
112 186
125 109
9 100
179 30
134 72
22 16
158 123
105 99
176 138
123 160
53 194
144 106
28 169
3 39
168 41
38 62
X
44 43
125 170
62 31
97 108
112 142
136 146
53 15
X
169 49
182 27
165 4
120 151
55 195
40 174
85 164
107 70
191 56
176 83
56 118
21 36
161 167
160 63
6 27
141 70
136 170
108 125
134 192
13 54
33 187
36 139
12 133
167 188
85 35
188 120
74 161
47 48
113 179
6 10
124 170
187 160
136 89
54 113
35 154
118 193
181 121
160 93
118 81
10 30
142 102
X
55 101
88 145
X
13 133
122 111
63 116
172 162
54 179
84 72
41 196
139 82
62 188
178 154
52 103
65 177
X
156 144
187 137
44 94
51 120
102 108
51 139
21 156
170 65
125 71
189 104
116 177
47 10
161 174
62 61
39 175
65 14
108 34
61 147
13 57
172 178
192 86
11 151
71 39
42 87
80 14
46 38
54 126
116 140
193 5
55 54
181 124
17 53
66 158
8 30
188 167
38 193
2 131
31 28
133 160
142 39
X
192 186
X
106 162
125 75
153 93
X
71 6
21 154
41 70
156 123
160 174
68 181
36 109
46 2
45 133
94 91
26 165
63 15
127 50
25 136
105 58
71 92
190 178
106 73
25 123
1 92
74 27
154 101
122 158
147 95
24 183
23 167
177 62
38 184
126 131
81 28
25 41
179 82
168 159
21 63
102 107
91 131
18 74
114 164
107 182
X
52 176
148 52
75 64
192 12
43 181
164 160
9 2
63 160
159 130
29 190
155 176
4 121
10 114
10 47
127 9
17 52
183 27
45 123
98 5
13 55
40 161
30 28
11 38
42 181
21 153
191 18
194 144
24 138
139 70
73 194
121 146
107 71
57 182
31 106
23 84
56 87
63 180
108 72
54 102
175 172
113 6
153 90
169 74
111 179
148 104
148 105
111 99
X
102 28
115 163
31 95
151 171
192 170
25 45
25 84
129 192
56 155
179 109
145 145
66 2
70 162
109 99
189 194
184 137
49 189
23 68
5 121
68 178
176 62
31 153
101 192
70 86
X
182 91
33 152
128 191
86 28
X
177 94
15 106
41 181
160 139
13 93
167 190
25 151
122 110
19 115
147 164
72 188
82 49
125 10
1 39
27 47
139 152
11 9
184 191
126 50
113 150
91 197
4 75
86 193
77 105
87 34
72 186
34 195
56 187
56 151
55 76
180 3
51 55
74 134
69 6
3 190
147 130
25 134
139 100
105 191
3 173
70 128
179 54
110 162
43 119
180 36
14 130
54 14
172 27
24 181
127 89
144 102
1 93
101 63
103 161
169 53
183 177
189 120
84 81
41 6
73 88
96 167
130 4
22 101
67 155
176 59
119 186
132 159
77 109
5 27
76 105
52 126
96 69
67 35
177 196
X
85 101
121 109
166 172
37 87
85 162
78 129
152 43
153 82
7 146
174 32
4 162
141 145
34 125
151 93
186 136
54 44
73 192
153 30
145 150
169 76
180 180
76 174
188 92
110 179
99 195
20 188
124 13
35 51
42 44
153 31
92 64
159 21
159 124
69 4
14 53
7 165
129 50
124 87
76 87
163 118
48 10
46 123
141 144
106 49
127 123
36 18
72 65
72 60
31 152
160 130
32 185
74 189
159 174
17 55
162 154
64 15
175 161
145 65
31 119
161 15
125 35
138 119
136 150
36 50
34 152
100 15
18 121
194 50
74 93
31 8
159 173
72 185
112 35
X
X
124 70
7 11
14 74
X
92 40
22 36
X
188 137
173 146
129 163
X
127 176
X
176 117
33 161
53 173
3 179
156 176
24 46
33 154
106 127
189 12
66 155
6 23
171 181
133 103
109 77
57 188
98 91
119 48
127 174
131 52
24 121
85 68
46 85
170 143
192 18
66 11
127 173
106 19
58 61
129 91
14 38
71 88
182 118
130 191
139 99
24 79
143 55
133 144
163 96
139 11
99 109
137 99
130 64
167 161
55 171
53 70
41 194
170 90
38 175
182 3
70 40
30 87
92 89
35 181
71 148
102 7
191 78
115 49
83 49
151 182
127 111
195 142
99 5
157 137
74 139
102 147
134 190
130 183
30 63
33 30
34 110
25 127
88 110
31 51
67 137
89 2
190 119
3 137
83 73
33 52
X
107 120
191 77
134 74
41 50
69 103
49 89
123 10
55 33
57 73
59 83
166 158
141 71
34 189
108 171
13 76
84 164
114 12
33 162
30 146
9 104
190 68
123 151
144 123
93 192
96 64
13 179
97 111
164 172
60 155
28 16
151 8
20 63
32 110
160 21
29 110
169 62
172 33
80 46
88 32
84 21
68 172
20 153
132 154
194 119
89 35
36 106
49 87
62 145
138 108
67 121
149 6
112 112
136 148
79 28
191 86
159 120
22 26
104 39
89 7
178 158
163 95
38 27
144 143
39 65
129 162
49 7
90 167
162 37
138 98
159 167
176 170
157 70
48 169
139 105
40 128
183 136
70 165
187 154
177 109
19 101
50 40
182 138
22 28
31 50
155 39
96 85
169 194
X
179 106
29 189
23 26
168 160
28 41
77 122
11 77
192 60
153 86
49 28
125 11
46 84
145 118
49 44
32 125
76 185
192 159
7 26
96 97
151 177
31 116
41 7
40 196
167 31
66 49
180 192
23 13
137 119
141 164
159 107
74 158
21 100
3 25
121 40
71 103
19 151
46 82
147 158
53 137
29 188
104 36
180 77
180 83
152 20
87 164
9 132
89 34
85 143
136 131
7 48
57 187
190 77
157 138
102 60
106 142
98 107
161 136
6 62
107 192
26 114
33 7
8 73
92 107
48 110
69 49
160 78
112 110
119 151
130 29
130 65
90 1
8 104
136 72
185 151
133 147
68 49
63 130
93 23
93 108
185 76
180 92
29 109
77 107
190 67
53 102
107 74
32 152
188 119
158 155
184 194
19 63
99 113
92 196
119 27
192 118
30 27
35 49
129 45
77 98
158 127
154 137
142 150
111 138
130 2
191 118
163 75
104 24
65 49
133 150
74 87
167 192
24 134
190 79
155 84
145 116
189 77
66 14
134 110
78 51
17 191
67 172
73 138
74 166
156 49
62 180
123 110
49 158
165 115
33 53
105 181
154 136
127 27
100 154
130 163
140 154
146 147
140 70
13 142
73 185
87 192
177 154
106 74
44 37
188 156
137 171
30 150
166 178
97 167
187 167
138 95
33 125
69 171
39 145
88 7
164 78
177 170
66 181
164 168
163 169
135 11
111 187
33 50
2 194
122 108
27 170
187 65
166 169
132 100
173 138
178 124
23 192
48 104
11 88
191 174
155 5
166 6
10 52
104 106
42 119
3 21
23 183
138 20
33 98
4 149
101 191
30 193
90 109
100 152
66 176
36 110
3 184
141 91
111 171
95 100
181 96
173 31
119 26
27 75
90 103
76 109
189 195
130 46
39 196
21 155
173 53
14 129
99 167
76 5
36 75
71 106
14 131
101 190
54 136
192 10
190 75
145 134
103 126
1 25
151 167
165 178
166 85
148 64
19 19
56 32
23 41
5 192
16 191
139 154
98 8
188 118
5 149
125 120
4 120
141 90
7 52
30 108
28 28
160 14
1 23
191 88
4 147
43 77
81 27
53 195
171 72
76 49
55 113
44 180
11 36
107 121
126 130
34 51
X
136 70
116 51
179 27
164 158
31 52
17 167
X
86 192
143 102
99 172
158 130
77 34
52 125
142 29
188 170
113 27
12 74
31 174
90 101
145 17
93 80
181 71
137 108
122 109
37 175
152 176
56 165
144 41
190 171
16 108
38 38
123 57
112 176
165 180
109 121
29 33
128 190
28 146
74 163
90 104
138 9
181 102
127 88
63 51
124 130
109 147
X
105 127
X
135 100
12 142
82 73
118 41
191 37
139 98
129 183
87 20
144 120
143 195
133 38
193 60
26 181
105 182
183 50
24 139
61 94
195 129
139 9
22 68
193 86
179 81
4 148
187 165
155 192
164 6
89 109
121 108
126 35
117 7
32 51
113 98
190 166
32 155
172 163
92 189
52 78
36 175
74 97
190 65
142 194
36 149
100 147
32 5
42 40
40 144
165 91
122 146
138 154
12 80
5 119
14 128
157 192
107 69
157 12
77 16
189 22
166 87
125 147
103 106
45 65
81 58
138 164
28 12
11 68
100 5
5 98
146 132
92 137
X
91 3
99 108
160 15
178 133
18 119
151 164
160 167
126 3
171 33
148 171
66 180
59 6
75 185
49 86
122 145
164 118
71 194
122 124
53 86
170 123
126 176
X
19 62
120 130
15 26
157 5
51 113
140 83
173 145
167 195
147 117
107 190
157 191
195 127
131 65
121 15
X
87 95
191 50
15 193
77 27
51 24
159 54
4 117
56 170
138 109
136 119
6 137
132 99
72 64
53 33
85 57
128 4
91 25
13 53
74 185
134 188
147 92
62 62
120 143
36 103
43 74
4 163
4 192
53 118
105 47
17 51
100 131
75 109
14 191
151 6
53 6
39 147
X
120 161
3 183
126 10
179 69
29 139
106 182
67 163
98 50
27 127
28 13
161 95
175 134
29 108
94 132
158 61
X
53 88
182 101
X
37 138
195 5
84 93
104 47
146 149
99 25
141 150
165 174
42 50
70 106
42 125
36 174
28 14
128 71
182 4
6 71
116 178
28 40
105 27
41 5
120 148
45 110
37 137
29 103
X
78 107
138 177
73 91
33 5
174 27
189 76
76 45
24 78
197 58
27 51
79 159
62 177
16 106
90 197
168 74
170 48
100 195
91 51
148 166
63 143
31 66
177 27
14 119
91 177
158 37
X
25 86
X
166 194
190 116
21 87
27 138
106 50
92 176
28 114
112 98
111 98
24 117
28 129
51 146
30 26
96 159
109 167
89 59
66 13
X
158 15
154 134
13 44
142 40
100 150
75 147
146 121
24 141
145 59
153 181
127 109
80 125
168 123
60 127
63 158
176 154
38 28
50 44
149 29
36 54
67 138
12 179
5 173
22 152
165 116
92 133
194 49
99 153
137 144
121 140
141 163
169 178
100 19
75 122
193 3
126 119
83 77
23 191
173 46
165 169
X
171 106
140 160
46 119
128 68
157 68
85 105
41 84
112 39
90 192
34 186
163 115
45 105
126 27
158 32
158 20
168 46
52 77
187 88
75 165
41 143
145 68
96 67
195 32
38 114
55 42
50 157
105 49
78 54
10 6
36 173
70 45
79 158
4 118
195 60
124 108
7 104
166 134
67 169
182 190
175 170
159 110
187 22
114 89
139 76
184 136
124 149
19 121
88 102
113 147
86 9
88 122
86 154
61 5
162 38
194 113
176 19
69 50
195 117
34 185
145 54
45 82
166 161
94 189
192 115
103 124
94 129
72 194
100 172
44 113
25 191
65 35
61 11
84 28
55 117
191 177
34 66
97 194
192 145
22 150
88 68
13 128
X
135 140
123 162
49 104
168 122
30 110
117 80
87 27
86 68
134 191
39 192
29 6
24 129
82 90
175 154
132 98
115 86
173 162
65 31
68 182
91 155
152 184
138 170
6 133
180 90
117 11
151 40
29 106
90 147
148 106
97 69
134 23
125 149
163 172
17 76
90 10
130 159
57 36
20 9
88 99
5 101
108 88
89 176
54 164
169 183
64 96
67 105
29 163
92 174
4 131
38 37
46 108
147 150
3 43
150 115
121 124
124 10
46 65
51 119
96 79
137 103
103 127
172 26
66 37
166 4
71 134
83 164
133 98
181 194
33 127
168 63
148 160
49 8
86 27
30 105
53 124
135 122
173 195
191 115
104 49
168 61
138 93
149 18
169 47
103 112
165 74
84 71
127 119
168 121
84 88
52 119
6 130
6 153
143 143
132 171
156 124
77 39
64 4
22 87
11 10
186 171
X
78 27
86 191
78 99
X
132 192
33 49
188 73
X
109 59
121 144
137 146
136 71
187 143
161 116
115 175
81 59
190 115
35 32
143 81
55 5
28 44
52 68
99 158
1 24
91 24
168 38
180 38
51 50
61 13
19 61
108 19
45 39
165 6
104 132
71 93
38 29
88 109
26 53
80 27
171 145
57 22
10 111
51 173
177 96
23 67
110 188
143 150
141 177
8 26
116 67
71 139
70 102
121 77
192 177
56 190
104 134
181 72
109 73
11 69
169 38
60 1
40 148
74 60
135 171
34 148
7 111
65 11
115 47
193 192
103 49
155 2
8 110
172 50
13 51
122 125
62 15
180 117
11 92
160 54
135 113
101 149
11 6
13 24
126 129
187 90
110 98
1 43
168 53
192 171
25 165
15 24
120 144
70 126
153 37
104 123
101 130
37 77
125 124
148 58
69 106
102 134
11 37
102 91
138 103
112 111
54 151
147 93
158 56
189 174
136 74
81 34
7 98
176 76
194 31
52 27
180 190
146 117
184 28
103 68
68 193
73 151
118 192
5 130
192 32
134 21
79 49
131 50
128 183
90 190
192 29
110 77
25 181
4 130
12 76
160 19
99 154
178 76
194 2
28 27
123 105
61 176
X
8 168
179 70
15 115
68 175
28 147
31 109
174 146
192 31
53 27
12 15
100 134
32 127
143 184
2 93
6 14
108 161
104 175
39 128
180 72
86 21
74 128
89 147
65 169
24 127
54 5
72 127
29 104
158 62
88 35
24 165
8 151
64 191
180 178
48 164
140 77
94 32
37 76
179 108
95 53
52 195
92 177
7 84
3 130
103 92
116 163
178 169
9 168
149 78
53 41
111 147
16 89
93 83
68 168
39 146
160 51
148 114
104 133
150 77
88 190
X
105 187
70 19
120 123
180 91
191 129
165 86
123 113
76 150
24 114
180 48
126 70
143 58
52 157
63 11
77 83
7 14
143 82
28 174
134 71
86 114
98 193
180 191
117 25
72 152
119 47
120 124
10 128
69 168
106 47
39 116
156 180
154 84
11 91
136 108
34 106
107 181
95 24
151 136
66 179
137 102
52 67
64 3
39 44
49 106
132 126
3 95
172 108
124 71
42 124
8 16
165 196
43 82
63 159
51 167
195 116
121 192
143 29
41 180
118 92
85 163
183 196
183 106
120 122
146 119
66 74
30 5
65 103
112 120
95 79
71 102
143 57
50 127
37 135
20 187
29 161
X
68 45
128 99
49 6
160 31
54 32
178 122
16 27
160 110
191 21
119 43
148 149
8 88
45 156
143 42
70 3
44 96
84 84
120 108
110 176
8 52
91 158
X
91 130
5 174
187 136
106 143
144 103
51 138
15 72
134 77
15 89
8 146
57 79
24 81
52 151
113 141
40 37
85 99
147 89
140 91
17 44
169 189
50 79
94 79
16 178
53 171
186 167
158 120
132 156
1 95
64 180
159 36
196 60
173 47
142 90
122 10
58 138
87 167
169 59
71 91
188 88
140 156
31 26
104 37
4 119
129 4
154 180
105 190
190 104
33 160
50 158
68 121
195 130
81 89
60 59
13 73
41 49
34 144
170 133
125 27
54 68
154 145
137 173
193 59
112 140
128 189
135 144
19 9
180 124
91 110
148 88
39 144
38 185
34 149
70 72
30 47
74 34
127 91
13 52
181 92
7 154
13 12
41 142
170 121
51 78
25 150
50 150
170 51
196 183
24 12
72 147
38 128
101 154
29 107
183 105
195 126
141 10
29 32
124 129
7 85
57 77
68 179
20 190
122 144
14 27
30 103
44 62
70 121
175 133
193 146
166 167
141 82
56 89
166 168
64 74
6 30
135 132
49 4
109 190
118 86
74 162
29 105
66 4
21 104
8 154
52 164
66 121
68 120
10 11
98 134
77 57
44 115
12 85
91 23
10 50
160 49
102 71
44 163
168 102
38 127
87 109
144 57
74 126
32 49
54 187
20 186
100 24
9 50
177 26
55 67
121 41
84 94
89 105
173 62
126 1
87 125
187 151
21 67
2 41
78 37
105 56
31 107
137 177
X
156 177
49 2
144 59
162 86
93 129
18 125
142 42
69 132
X
160 106
127 183
7 75
67 182
146 78
64 190
135 22
15 191
124 74
106 63
190 35
85 84
33 185
4 190
105 36
187 169
61 15
81 47
148 134
74 33
139 177
59 5
127 71
156 5
175 95
56 137
113 11
156 179
185 136
162 123
194 60
120 9
173 26
86 143
55 110
83 70
24 191
84 142
71 131
47 47
84 20
35 110
171 26
56 169
103 142
190 47
28 42
132 168
9 150
88 113
17 9
118 91
123 106
150 17
192 144
177 141
12 103
90 105
37 173
153 180
38 169
115 48
138 77
141 123
23 134
98 92
165 2
152 37
161 96
19 6
126 91
166 153
97 81
190 101
52 84
125 58
90 182
3 176
72 189
56 59
45 136
84 17
178 121
72 126
183 25
75 121
84 143
196 30
61 182
53 176
8 84
90 54
175 94
118 95
177 20
24 47
124 78
X
194 47
54 70
23 36
34 49
186 68
60 163
139 91
X
78 161
68 194
40 31
120 191
143 33
55 78
140 75
6 46
25 125
177 95
8 114
51 135
137 145
75 134
169 50
103 88
13 38
8 120
149 64
63 35
188 114
13 135
90 180
151 7
100 92
73 191
17 133
2 176
159 133
49 27
78 126
124 124
39 143
41 195
71 89
33 91
143 64
119 143
90 173
51 41
169 138
186 73
144 182
23 5
106 144
156 191
29 97
1 162
178 60
69 131
75 131
121 158
179 92
42 135
127 175
77 119
50 88
103 149
172 38
121 76
4 21
105 192
42 48
50 78
25 44
12 11
110 177
149 67
15 132
150 6
45 134
125 129
46 40
25 52
180 119
182 181
75 86
127 13
64 189
24 120
95 30
43 48
67 49
49 43
93 131
74 91
112 101
15 42
93 64
56 3
143 106
34 76
63 31
105 68
137 114
150 21
38 124
170 110
168 62
12 132
54 40
66 5
41 125
176 146
121 79
31 87
186 141
34 188
1 161
29 40
106 60
49 3
38 147
97 110
84 105
180 177
111 167
125 100
78 106
8 150
52 163
69 119
140 45
42 113
38 43
88 125
79 125
169 144
89 155
192 5
74 160
31 91
142 57
115 95
85 32
55 24
12 5
114 178
123 74
51 141
65 104
188 22
134 105
148 54
7 119
182 2
61 143
14 118
138 121
72 63
10 26
57 58
4 176
53 36
133 114
158 21
45 36
89 3
139 156
108 113
28 79
167 61
59 85
31 127
190 46
32 26
10 110
52 124
52 117
67 37
171 139
134 22
192 22
180 94
166 183
122 129
131 114
160 50
28 121
176 20
35 75
86 109
170 72
17 57
137 72
55 144
164 57
182 39
42 5
27 84
138 156
26 118
94 93
22 104
97 98
74 4
70 120
141 81
147 171
124 121
87 2
192 52
62 1
63 50
149 92
137 176
122 85
78 48
146 53
106 15
69 121
175 168
175 163
98 108
165 176
13 131
157 145
121 194
137 113
X
32 64
134 20
127 122
183 181
136 129
101 108
168 40
191 126
170 87
26 51
117 95
154 133
131 111
118 85
12 175
75 133
86 8
104 89
16 48
134 98
54 173
44 47
7 88
52 102
51 195
114 93
X
139 81
24 20
13 26
41 123
124 69
45 5
150 20
75 108
94 22
182 92
152 39
82 88
21 5
59 4
60 58
77 189
44 46
31 120
92 109
45 7
121 142
89 54
51 147
121 39
60 61
176 80
43 112
159 10
111 170
176 132
155 4
76 107
139 83
116 12
134 113
31 118
183 102
14 72
112 33
130 192
99 130
98 159
179 58
52 155
54 125
66 35
61 144
165 60
50 125
53 5
19 8
105 55
41 86
132 113
174 162
193 142
120 121
6 104
32 91
36 105
175 92
146 77
16 105
177 58
134 73
52 76
33 186
180 35
104 59
183 190
138 22
121 193
40 142
144 197
120 70
57 190
66 182
71 72
155 14
64 121
135 20
143 67
143 197
179 102
77 13
129 46
54 106
121 104
42 17
86 111
5 117
177 102
137 101
87 3
190 168
53 141
5 103
181 69
183 123
40 194
193 144
X
86 169
104 72
9 98
189 68
50 151
112 138
68 47
53 3
53 138
114 92
193 46
53 140
62 59
27 74
126 4
78 46
73 147
6 102
67 157
20 116
69 71
181 90
68 119
47 53
133 161
93 69
161 18
51 43
40 124
142 41
4 123
67 20
165 56
110 101
159 13
111 34
125 79
158 33
9 154
47 110
25 65
162 121
8 118
53 150
189 130
138 111
29 76
141 55
97 50
55 75
11 2
20 104
38 67
64 172
73 128
148 56
124 145
138 112
27 114
145 57
110 169
146 120
169 18
128 30
96 63
109 84
118 84
144 181
25 66
43 126
181 83
6 146
191 41
52 80
104 91
61 188
114 95
51 32
12 154
155 3
35 184
106 123
53 7
120 104
38 55
26 49
16 116
187 21
94 69
134 75
81 55
79 119
16 71
11 128
65 3
14 142
17 5
44 116
41 160
83 90
160 18
181 123
78 98
55 194
5 193
72 125
40 15
172 65
162 115
114 163
145 19
27 40
34 20
154 90
171 19
158 42
132 110
86 72
120 126
165 194
17 56
45 86
189 193
144 33
74 32
181 101
50 27
178 101
79 138
59 62
17 67
106 62
84 99
23 61
169 121
195 3
38 39
191 57
110 58
69 36
146 56
101 19
7 73
114 80
160 62
17 74
33 63
109 98
29 118
43 98
17 80
21 84
149 75
156 13
77 51
161 86
190 14
47 123
143 80
148 131
9 26
106 55
34 64
79 74
7 117
189 128
121 75
99 88
75 138
132 161
145 67
22 5
52 114
26 168
44 77
70 48
175 194
182 122
142 197
182 109
41 27
16 69
105 144
120 146
140 89
42 179
156 62
23 60
27 87
12 4
87 101
91 154
54 50
64 49
87 7
85 21
32 170
169 196
136 103
57 107
52 120
75 150
20 124
10 27
7 168
140 80
103 51
177 32
41 48
105 71
33 184
104 109
163 94
76 31
41 46
6 98
90 154
89 154
167 86
105 73
8 62
130 52
76 189
123 129
27 12
28 94
31 115
138 105
6 60
20 118
153 28
184 143
182 90
153 95
178 95
158 31
96 156
6 154
83 2
190 118
157 120
97 62
162 40
59 160
119 37
188 117
154 70
105 25
122 132
159 103
80 12
188 40
57 62
64 1
96 83
5 100
158 3
163 106
77 14
71 138
48 158
181 30
107 13
57 109
162 122
54 24
64 75
102 88
191 166
55 104
114 90
130 71
137 141
147 102
83 163
79 177
75 34
40 77
88 94
161 138
142 94
169 20
175 97
93 91
66 15
130 31
157 14
99 19
38 36
87 147
64 155
173 61
95 99
146 114
64 35
97 97
48 52
130 63
18 115
54 147
92 93
15 119
6 174
121 149
132 63
74 147
178 30
162 130
56 62
25 46
38 53
148 77
91 129
129 26
82 50
138 45
147 54
181 120
31 170
50 75
93 183
126 2
52 69
126 49
24 68
7 25
125 57
23 65
140 9
143 44
121 120
155 68
163 108
111 122
13 25
188 100
58 59
166 2
117 70
158 129
133 110
16 51
120 60
124 84
75 3
123 26
176 91
70 76
110 138
188 143
89 4
33 88
81 2
125 51
128 35
126 86
57 33
133 105
133 146
32 98
26 40
194 118
34 109
158 135
139 45
26 12
159 33
63 171
76 176
79 137
65 1
148 55
41 91
187 92
42 66
123 60
33 96
171 61
41 95
56 85
81 88
161 124
86 101
28 43
33 95
26 119
70 164
80 36
173 33
35 108
104 35
154 57
30 32
51 124
51 137
151 95
5 133
141 176
178 120
91 133
36 73
116 47
136 112
86 113
104 101
27 129
88 112
62 97
58 89
148 57
137 20
169 19
191 4
194 30
93 136
114 91
78 47
181 184
65 120
14 108
89 33
77 161
38 49
43 94
22 60
51 33
127 45
65 156
6 52
66 102
148 75
57 83
10 48
152 86
158 41
65 117
55 36
137 110
124 80
167 179
30 91
195 57
165 177
149 118
179 119
119 108
174 52
189 115
138 100
176 143
136 127
120 69
110 73
16 93
188 78
44 49
188 11
65 48
51 35
54 55
150 95
64 93
55 100
57 76
66 116
88 53
164 161
124 68
151 134
56 36
16 46
152 95
8 75
90 51
171 46
31 103
42 65
80 56
5 62
136 105
150 75
193 21
172 49
12 107
161 13
48 108
130 68
109 86
122 12
34 136
79 136
145 32
65 115
53 104
77 29
55 136
185 91
59 158
188 106
62 163
26 117
66 106
118 90
66 114
137 98
38 126
178 37
125 86
134 104
99 28
23 12
153 84
24 119
79 122
154 43
65 172
54 67
31 5
93 121
147 91
137 89
157 135
68 46
98 7
168 33
14 48
177 93
51 34
35 105
116 89
95 14
138 122
12 146
158 30
157 101
87 32
162 36
79 157
160 36
118 167
156 120
181 95
12 2
122 123
75 63
135 70
19 119
26 47
78 100
151 43
76 96
185 138
24 136
178 5
111 113
39 19
88 98
5 75
159 95
161 85
148 90
123 121
28 116
103 60
80 73
155 38
44 123
118 105
159 42
131 110
11 180
87 99
139 89
16 104
193 88
114 83
6 22
57 32
169 135
182 5
87 1
61 58
63 93
134 19
161 38
176 61
191 39
5 26
118 51
63 155
80 60
145 40
145 115
116 80
111 76
105 34
168 65
79 39
154 89
171 20
10 2
110 111
97 52
142 83
139 74
20 121
124 89
90 148
42 128
28 74
12 36
118 43
22 83
173 12
10 87
76 39
76 37
56 67
98 19
43 62
110 14
126 99
41 88
127 52
13 13
60 3
189 39
122 31
197 57
46 44
13 88
158 137
116 28
70 93
143 41
141 74
132 109
47 50
11 4
8 100
122 28
112 38
53 54
53 113
111 110
99 98
7 77
4 91
124 97
138 18
167 46
79 2
171 12
104 61
88 97
193 113
158 29
137 138
56 6
142 33
172 12
81 3
6 24
49 84
188 36
166 101
89 123
119 104
34 26
93 89
135 103
158 110
41 36
117 38
76 81
12 141
171 53
103 111
24 87
77 80
98 90
16 103
15 25
175 78
193 96
186 102
178 72
86 125
21 62
74 89
49 47
177 60
169 58
80 13
152 53
6 48
79 3
169 27
147 52
128 47
57 35
72 88
95 52
150 28
156 15
179 48
151 39
152 133
23 21
127 4
88 120
84 98
168 135
186 90
150 9
27 116
29 98
31 33
55 3
172 30
3 91
151 41
109 13
22 34
175 130
1 22
63 47
25 12
185 89
150 19
84 138
141 59
161 84
125 67
17 47
52 86
165 76
69 40
177 72
93 82
62 6
18 5
138 42
181 5
104 144
174 30
166 83
53 44
189 19
192 2
51 14
13 43
177 70
122 25
19 60
110 140
62 35
130 3
98 88
51 74
196 95
58 134
138 44
66 1
138 89
105 60
120 41
91 120
13 72
20 21
94 81
42 67
130 27
167 32
159 76
147 9
83 3
88 101
17 43
66 40
188 39
4 72
21 60
32 89
121 38
175 102
158 107
141 57
87 4
69 89
118 83
93 24
119 57
128 3
169 100
149 8
51 90
31 149
190 66
161 42
34 107
67 46
27 81
59 3
97 33
74 86
147 134
109 19
10 46
183 30
102 70
191 52
5 71
115 51
57 21
40 27
194 56
160 33
121 107
55 120
142 52
69 3
178 131
88 4
53 23
101 27
142 36
55 21
59 1
8 15
142 54
178 92
132 103
107 72
194 95
147 64
130 1
194 86
16 80
30 66
160 12
41 47
59 87
155 11
163 107
26 87
171 51
161 77
119 25
4 26
102 24
54 78
192 39
183 53
71 87
195 2
145 36
50 55
41 4
13 70
105 61
192 35
58 83
122 56
98 67
97 19
138 72
50 77
91 92
85 27
146 23
105 64
192 82
129 65
43 66
153 52
179 53
120 43
179 39
159 78
18 73
106 59
6 77
138 91
188 66
159 40
169 51
74 63
167 100
14 42
190 18
145 64
73 86
147 22
100 18
179 50
65 106
135 18
190 49
114 6
6 11
180 54
161 75
43 3
156 61
76 33
63 114
33 66
189 65
104 131
171 122
101 17
97 15
114 10
179 79
171 41
118 37
188 14
54 75
49 42
131 57
30 73
39 70
2 21
175 107
28 52
145 22
103 64
111 75
138 41
182 52
120 10
105 51
87 30
186 88
33 105
74 59
162 74
37 51
168 48
82 86
62 8
102 131
65 46
45 6
133 40
181 2
85 59
93 67
163 82
137 121
47 3
188 10
98 14
95 23
176 79
117 12
21 83
12 14
48 2
14 69
183 31
51 22
40 76
44 44
86 124
68 59
100 7
178 69
136 24
96 66
157 60
74 131
184 37
49 109
92 91
71 104
176 106
95 33
78 36
170 33
54 100
8 12
158 60
146 76
147 75
7 87
130 45
136 76
21 26
13 46
128 63
169 110
151 18
21 86
52 101
128 2
155 12
16 67
136 91
95 51
160 29
120 56
73 63
34 33
147 57
177 78
129 1
63 115
44 86
76 1
79 121
132 56
53 100
53 21
66 20
178 4
64 7
157 69
65 19
171 75
99 17
157 53
189 35
36 104
160 129
63 128
55 32
60 87
9 11
47 2
27 73
65 6
145 52
180 2
74 31
114 28
180 52
168 56
52 75
169 32
28 72
158 2
53 29
83 45
9 6
43 85
107 58
131 55
170 31
14 67
170 26
141 45
75 105
20 35
20 5
61 4
148 21
67 32
161 83
41 83
158 13
90 41
56 20
83 48
94 40
55 7
54 20
96 50
38 31
71 71
38 65
191 22
107 68
12 3
118 47
96 19
24 40
156 105
93 22
91 40
95 13
38 42
92 69
48 7
182 48
126 68
123 31
28 46
110 57
162 82
117 41
170 41
127 67
78 60
21 34
96 12
70 70
41 17
126 45
170 39
102 6
189 8
7 16
121 59
45 2
133 58
181 27
133 42
126 31
192 13
39 41
26 16
187 20
110 55
182 35
87 19
171 7
178 16
175 6
43 46
75 6
171 38
33 29
17 8
119 50
65 102
43 50
77 59
17 26
117 24
75 1
84 19
52 20
78 58
13 10
137 9
122 74
47 9
76 27
120 67
87 59
147 7
55 15
54 3
108 36
191 46
41 44
179 2
91 1
170 89
126 13
96 32
19 18
13 40
144 54
70 44
61 1
91 2
147 19
5 29
70 60
148 68
194 52
11 13
192 38
35 31
46 69
10 14
76 102
191 48
69 93
20 17
86 104
62 3
120 13
170 21
41 19
87 18
131 39
164 4
25 40
130 62
157 1
99 12
41 10
110 39
86 17
128 31
122 60
17 7
5 25
78 102
24 27
46 64
42 82
182 29
192 9
42 15
52 32
155 42
15 51
172 6
132 38
44 10
25 51
85 19
136 16
60 8
177 18
72 59
76 4
99 24
157 3
139 14
89 1
110 17
7 10
70 91
49 30
126 8
83 1
146 18
148 18
174 8
167 3
115 12
11 40
8 46
79 12
74 3
148 6
193 2
75 102
9 4
32 31
108 55
24 25
81 1
65 16
162 19
106 17
109 35
191 8
162 11
180 5
134 54
110 13
32 63
175 11
190 41
32 19
113 8
146 21
23 24
179 19
113 26
44 36
178 39
88 29
117 6
13 79
122 84
19 100
175 101
124 90
97 99
15 104
146 75
176 101
42 115
16 118
57 34
64 120
95 98
7 121
26 121
160 123
124 88
50 124
2 43
78 125
147 23
59 127
98 130
80 38
160 96
116 70
23 66
127 125
12 131
166 132
100 130
104 130
102 133
151 133
27 135
129 28
24 135
33 94
195 93
83 47
170 108
8 122
13 134
178 134
73 132
75 120
177 134
152 93
146 134
152 89
156 101
136 128
78 82
110 134
94 130
155 83
1 42
187 73
103 134
109 134
104 88
131 56
103 101
52 116
101 134
93 133
81 127
63 127
91 123
178 36
189 102
57 134
20 115
164 87
190 130
70 131
15 74
54 104
42 134
171 6
16 133
103 130
167 59
136 113
87 123
84 77
72 128
98 132
73 131
183 108
146 68
65 119
190 117
29 134
93 120
14 132
76 82
91 119
4 122
170 40
148 130
54 124
26 134
174 51
11 132
145 133
8 117
15 134
14 134
71 105
36 108
76 119
197 56
166 133
158 133
99 97
153 133
88 96
196 56
98 133
49 107
161 130
178 132
160 124
175 132
132 102
179 49
170 132
102 101
1 41
96 62
169 87
167 132
145 132
190 82
136 15
189 129
33 32
191 12
102 110
91 132
194 126
162 129
75 132
116 69
98 131
43 125
94 131
28 119
92 131
25 119
107 122
106 122
72 131
107 127
161 115
22 100
166 82
152 83
68 131
12 93
107 118
132 101
24 128
190 100
194 130
20 125
166 86
178 130
183 122
81 57
136 130
171 73
163 77
7 114
27 83
53 40
102 130
122 122
147 119
60 130
147 39
173 64
120 68
8 119
20 100
5 104
171 65
78 97
138 114
92 129
17 115
31 121
104 127
30 88
43 123
26 129
9 129
54 127
162 128
139 73
99 112
74 127
88 111
98 69
40 113
20 123
11 90
160 128
83 69
125 8
95 12
116 95
182 117
181 82
34 108
158 128
34 127
40 91
122 107
78 128
188 116
127 112
70 88
9 48
63 49
133 113
187 100
170 46
41 128
68 106
41 124
30 119
78 96
142 89
144 39
77 96
127 110
165 75
101 88
93 124
39 124
170 38
136 111
142 96
88 95
126 98
8 121
12 128
42 69
191 127
90 40
76 80
44 122
86 110
52 104
67 103
38 113
24 126
189 127
190 126
18 72
136 126
138 113
163 110
171 110
181 122
87 108
50 126
34 126
87 114
188 115
31 126
173 51
28 126
150 114
32 105
169 104
127 47
112 37
12 86
123 109
104 64
120 125
71 125
173 63
33 27
92 68
47 122
180 109
76 93
181 119
70 119
13 71
152 52
41 94
189 82
136 110
123 84
55 115
38 125
168 64
159 75
177 31
16 115
24 125
179 124
17 42
82 77
85 72
110 88
52 100
92 124
6 47
69 88
177 124
138 123
177 119
90 120
190 105
141 96
178 119
127 37
43 122
123 124
139 80
5 77
93 111
127 31
65 47
27 72
88 124
169 123
177 97
45 109
161 74
168 73
156 50
145 123
24 118
45 70
35 33
137 123
145 120
93 93
40 88
147 90
104 28
105 123
2 95
118 108
5 73
92 123
75 96
94 83
178 105
134 18
102 109
28 53
86 123
76 122
42 122
60 89
189 81
169 72
109 101
119 67
180 93
88 72
134 41
171 121
176 119
189 114
187 106
93 110
177 30
136 121
127 121
44 97
52 113
6 117
74 90
33 87
27 121
55 118
67 119
138 120
66 46
79 120
54 120
31 117
145 119
66 119
78 101
194 81
176 60
158 40
31 104
158 109
167 102
65 116
93 81
22 21
25 81
19 17
143 94
45 119
80 37
26 116
118 107
99 27
94 25
189 118
115 82
154 88
57 75
66 34
178 118
148 118
12 84
8 11
110 87
68 118
31 114
126 52
97 67
69 87
174 78
181 81
52 118
197 60
45 3
179 78
157 63
146 55
166 100
28 51
179 117
145 117
12 88
49 55
29 117
84 90
88 93
125 31
20 117
55 116
51 48
42 98
156 70
162 20
176 78
43 116
141 58
117 84
69 114
25 116
115 50
30 76
69 92
17 45
43 96
14 46
168 104
135 110
150 93
78 34
153 43
103 108
38 116
162 110
93 68
64 46
24 80
90 102
5 102
71 76
124 30
92 25
123 59
91 93
30 116
26 115
195 114
123 80
133 100
186 92
149 114
65 114
12 87
93 40
175 83
87 112
44 112
98 97
102 64
145 23
154 41
44 114
30 114
114 82
49 110
179 52
131 113
122 113
91 109
114 94
99 92
9 110
21 21
13 108
110 113
170 62
134 40
167 104
93 66
61 12
42 94
108 112
42 112
135 105
86 112
102 111
75 88
110 86
147 106
164 60
88 71
36 53
110 110
149 21
141 83
15 80
16 76
6 16
140 94
141 94
28 78
21 66
118 106
193 52
33 110
119 60
182 54
172 61
33 20
13 106
146 54
37 75
13 69
16 74
118 104
158 108
96 18
183 101
117 82
96 65
167 5
101 64
57 110
46 110
170 53
169 109
31 98
181 54
97 109
171 108
151 42
93 43
192 36
110 56
95 22
49 108
137 105
169 108
119 59
63 46
100 108
49 41
170 61
182 96
75 27
190 76
57 108
185 88
97 85
38 41
67 106
118 94
101 25
6 100
38 54
192 88
180 101
180 69
151 38
47 52
22 65
91 54
190 52
33 108
56 69
176 77
182 95
19 21
154 69
75 107
134 103
169 61
141 77
175 106
139 77
84 87
184 26
158 106
53 17
12 106
55 103
142 32
33 28
144 36
63 97
38 52
42 91
76 51
177 92
76 30
33 26
139 75
177 29
40 43
132 42
1 94
132 40
110 38
126 67
160 105
121 57
41 3
146 58
155 15
64 16
169 91
126 26
180 95
141 42
26 81
142 80
21 25
76 50
61 97
76 29
55 102
91 91
17 46
54 69
33 33
32 33
106 71
13 48
24 24
155 105
132 105
74 58
88 52
115 93
146 103
20 34
33 90
65 105
179 101
115 89
106 16
31 31
194 51
30 90
138 43
177 71
49 105
176 104
22 103
34 75
147 6
94 33
44 2
88 51
129 52
50 76
124 76
153 88
141 54
19 104
109 55
168 100
30 72
21 65
35 73
13 104
81 73
98 89
5 99
175 96
53 75
190 103
137 100
159 102
146 102
89 51
12 40
134 102
117 47
33 89
77 102
44 69
14 37
125 56
19 20
108 86
14 36
74 102
6 21
74 88
184 30
132 64
22 102
85 97
118 82
93 63
36 52
150 78
143 56
147 78
132 62
122 30
16 102
68 40
38 70
144 68
125 78
15 102
17 48
75 93
169 57
10 29
83 50
174 33
177 69
66 39
68 58
186 101
17 68
144 40
147 59
41 9
61 62
132 65
167 48
169 56
78 50
147 65
80 34
41 66
64 97
162 9
146 57
138 21
161 40
131 51
128 70
195 95
123 28
191 14
43 86
68 48
141 53
153 57
177 101
136 100
146 59
17 54
193 57
105 100
167 47
56 61
75 100
51 75
29 72
55 49
109 17
169 33
122 27
106 58
40 44
117 86
141 80
5 21
86 99
79 34
50 90
146 64
193 95
70 49
188 38
42 85
111 77
70 47
147 18
136 98
44 48
43 9
32 28
84 97
78 32
193 56
191 35
169 26
119 52
33 97
172 48
144 52
67 31
55 44
55 48
118 28
184 39
155 37
134 55
154 68
61 96
180 27
13 68
72 86
192 56
78 39
34 31
41 82
184 36
184 29
1 21
99 14
91 90
174 12
162 8
171 31
53 28
111 36
119 56
156 52
25 47
109 39
128 65
55 43
65 34
196 31
22 24
42 90
160 42
5 61
14 51
161 36
182 36
128 1
119 51
128 64
42 18
184 35
138 24
32 20
189 37
185 92
69 91
179 95
184 25
61 7
149 95
61 8
105 28
57 20
13 42
29 95
30 31
196 29
196 94
114 81
4 92
118 93
169 21
62 34
181 35
79 14
110 19
125 45
115 80
193 94
89 32
152 94
62 93
15 67
9 14
189 18
137 91
167 56
36 51
81 87
15 93
155 40
11 39
184 31
23 87
100 17
55 51
74 92
136 90
178 2
188 77
149 91
69 44
133 54
119 49
148 76
42 89
59 8
75 91
110 16
187 77
24 16
172 8
113 28
62 33
42 88
40 17
53 48
2 91
16 57
62 32
24 26
8 14
83 44
161 82
30 65
41 85
169 31
185 90
138 90
65 51
11 87
73 3
104 90
115 25
69 90
41 87
145 31
122 24
181 39
97 18
7 86
87 10
54 7
76 38
88 30
150 18
71 7
25 87
84 18
147 21
121 56
49 90
137 10
116 24
163 86
118 89
156 54
100 89
87 17
121 60
21 85
36 19
111 39
31 89
162 10
41 8
68 75
105 24
53 55
23 62
86 32
96 31
121 37
107 73
159 15
104 34
149 9
98 17
92 22
128 62
5 28
137 18
53 89
30 89
170 88
57 23
77 60
152 85
116 86
106 72
23 28
92 42
67 36
181 48
104 60
86 30
179 20
71 86
105 72
25 17
21 61
179 5
50 86
55 20
147 68
190 48
107 55
30 8
106 68
20 60
27 86
189 10
166 84
169 41
80 15
152 84
115 84
117 28
64 11
27 16
188 9
195 29
191 82
101 24
157 13
164 3
187 19
30 46
70 2
168 59
115 28
188 37
138 23
65 20
17 79
108 13
10 49
101 8
64 6
175 12
155 41
53 20
165 78
65 18
169 52
116 6
100 8
105 59
13 14
192 8
190 22
186 77
17 25
43 2
97 14
53 67
159 77
40 19
180 4
97 13
4 24
6 15
159 29
194 29
162 14
11 14
76 36
66 8
65 17
177 16
56 4
82 1
76 7
154 39
130 26
4 25
161 10
102 5
46 10
162 13
61 6
117 37
76 3
118 49
108 35
79 33
158 1
55 50
156 60
42 76
125 9
67 75
147 8
76 2
45 10
40 75
43 36
149 7
127 1
171 74
62 11
77 36
178 3
183 54
156 1
51 15
86 19
90 4
120 12
129 62
49 29
67 15
74 5
71 70
51 17
12 6
61 3
78 12
134 58
30 30
9 5
111 74
61 2
172 21
162 18
141 73
25 16
137 24
80 1
49 9
9 3
32 66
13 67
72 3
188 65
32 65
38 64
30 64
119 53
97 17
87 21
46 63
32 18
74 2
154 50
190 8
178 26
95 50
44 63
43 10
59 2
18 9
88 1
41 28
182 26
17 24
174 6
31 63
96 52
142 16
183 52
8 61
66 38
98 6
106 51
191 5
156 56
189 41
30 45
132 58
194 5
138 14
127 14
42 16
132 54
50 14
113 25
29 8
98 12
5 24
42 2
11 12
74 6
13 9
77 58
55 14
127 12
49 48
101 13
33 8
69 20
17 6
90 9
126 30
85 17
42 46
156 53
60 6
114 8
167 2
65 15
156 3
41 15
118 53
191 3
104 51
25 50
125 13
124 24
100 6
182 28
136 9
88 28
175 10
80 4
192 37
7 50
113 7
117 43
145 21
178 38
46 6
39 27
12 9
71 5
76 6
